Change component parameters: Designator = "NT1"; Footprint = "Net-Tie_10mil"; UniqueID = "\KJUTLOYF"
Change component parameters. Clean all parameters for all variants
Change component parameters (AddParameter): Name = "LatestRevisionDate"; Value = "2013-07-24"; VariantName = "[No Variations]"
Change component parameters (AddParameter): Name = "LatestRevisionNote"; Value = "Added Alternate PartNumber and Alternate Manufacturer parameters to appropriate components."; VariantName = "[No Variations]"
Change component parameters (AddParameter): Name = "MountType"; Value = "SMT"; VariantName = "[No Variations]"
Change component parameters (AddParameter): Name = "Publisher"; Value = "Texas Instruments"; VariantName = "[No Variations]"
Change component parameters (AddParameter): Name = "SymbolCreator"; Value = "codlsc"; VariantName = "[No Variations]"
Change component parameters (AddParameter): Name = "SymbolVersion"; Value = "2009-07-01"; VariantName = "[No Variations]"
Change component parameters: Designator = "NT2"; Footprint = "Net-Tie_10mil"; UniqueID = "\AISUYKJQ"
Change component parameters. Clean all parameters for all variants
Change component parameters (AddParameter): Name = "LatestRevisionDate"; Value = "2013-07-24"; VariantName = "[No Variations]"
Change component parameters (AddParameter): Name = "LatestRevisionNote"; Value = "Added Alternate PartNumber and Alternate Manufacturer parameters to appropriate components."; VariantName = "[No Variations]"
Change component parameters (AddParameter): Name = "MountType"; Value = "SMT"; VariantName = "[No Variations]"
Change component parameters (AddParameter): Name = "Publisher"; Value = "Texas Instruments"; VariantName = "[No Variations]"
Change component parameters (AddParameter): Name = "SymbolCreator"; Value = "codlsc"; VariantName = "[No Variations]"
Change component parameters (AddParameter): Name = "SymbolVersion"; Value = "2009-07-01"; VariantName = "[No Variations]"
Change component parameters: Designator = "NT3"; Footprint = "Net-Tie_10mil"; UniqueID = "\FIURKRXW"
Change component parameters. Clean all parameters for all variants
Change component parameters (AddParameter): Name = "LatestRevisionDate"; Value = "2013-07-24"; VariantName = "[No Variations]"
Change component parameters (AddParameter): Name = "LatestRevisionNote"; Value = "Added Alternate PartNumber and Alternate Manufacturer parameters to appropriate components."; VariantName = "[No Variations]"
Change component parameters (AddParameter): Name = "MountType"; Value = "SMT"; VariantName = "[No Variations]"
Change component parameters (AddParameter): Name = "Publisher"; Value = "Texas Instruments"; VariantName = "[No Variations]"
Change component parameters (AddParameter): Name = "SymbolCreator"; Value = "codlsc"; VariantName = "[No Variations]"
Change component parameters (AddParameter): Name = "SymbolVersion"; Value = "2009-07-01"; VariantName = "[No Variations]"
Change component parameters: Designator = "NT4"; Footprint = "Net-Tie_10mil"; UniqueID = "\LJDBJOYK"
Change component parameters. Clean all parameters for all variants
Change component parameters (AddParameter): Name = "LatestRevisionDate"; Value = "2013-07-24"; VariantName = "[No Variations]"
Change component parameters (AddParameter): Name = "LatestRevisionNote"; Value = "Added Alternate PartNumber and Alternate Manufacturer parameters to appropriate components."; VariantName = "[No Variations]"
Change component parameters (AddParameter): Name = "MountType"; Value = "SMT"; VariantName = "[No Variations]"
Change component parameters (AddParameter): Name = "Publisher"; Value = "Texas Instruments"; VariantName = "[No Variations]"
Change component parameters (AddParameter): Name = "SymbolCreator"; Value = "codlsc"; VariantName = "[No Variations]"
Change component parameters (AddParameter): Name = "SymbolVersion"; Value = "2009-07-01"; VariantName = "[No Variations]"
Change component parameters: Designator = "Logo1"; Footprint = "TI_Symbol_Overlay_Small"; UniqueID = "\COVJBWSI"
Change component parameters. Clean all parameters for all variants
Change component parameters (AddParameter): Name = "ClassName"; Value = "Logo"; VariantName = "[No Variations]"
Change component parameters (AddParameter): Name = "LatestRevisionDate"; Value = "2011-10-25"; VariantName = "[No Variations]"
Change component parameters (AddParameter): Name = "LatestRevisionNote"; Value = "Added ClassName of Logo."; VariantName = "[No Variations]"
Change component parameters (AddParameter): Name = "Published"; Value = "2009-03-03"; VariantName = "[No Variations]"
Change component parameters (AddParameter): Name = "Publisher"; Value = "National Semiconductor"; VariantName = "[No Variations]"
Change component parameters (AddParameter): Name = "SymbolCreator"; Value = "codlsc"; VariantName = "[No Variations]"
Change component parameters (AddParameter): Name = "SymbolVersion"; Value = "2011-08-22"; VariantName = "[No Variations]"
Change component parameters: Designator = "R6"; Footprint = "POT_3386P"; UniqueID = "\NDQGTLDL"
Change component parameters. Clean all parameters for all variants
Change component parameters (AddParameter): Name = "Alternate Manufacturer"; Value = ""; VariantName = "[No Variations]"
Change component parameters (AddParameter): Name = "Alternate PartNumber"; Value = ""; VariantName = "[No Variations]"
Change component parameters (AddParameter): Name = "Altium Migration"; Value = ""; VariantName = "[No Variations]"
Change component parameters (AddParameter): Name = "Area"; Value = "148225"; VariantName = "[No Variations]"
Change component parameters (AddParameter): Name = "ComponentHeight"; Value = "0.210 inch"; VariantName = "[No Variations]"
Change component parameters (AddParameter): Name = "ComponentLink1Description"; Value = "AEO Datasheet Link"; VariantName = "[No Variations]"
Change component parameters (AddParameter): Name = "Manufacturer"; Value = "Bourns"; VariantName = "[No Variations]"
Change component parameters (AddParameter): Name = "PackageReference"; Value = "0.375 sq inch"; VariantName = "[No Variations]"
Change component parameters (AddParameter): Name = "PartNumber"; Value = "3386P-104TLF-ND"; VariantName = "[No Variations]"
Change component parameters (AddParameter): Name = "SymbolVersion"; Value = "07/31/2009 12:17:30"; VariantName = "[No Variations]"
Change component parameters (AddParameter): Name = "Value"; Value = "100k"; VariantName = "[No Variations]"
Change component parameters: Designator = "Q1"; Footprint = "SO-8"; UniqueID = "\NLTCXBXQ"
Change component parameters. Clean all parameters for all variants
Change component parameters (AddParameter): Name = "Alternate Manufacturer"; Value = "-"; VariantName = "[No Variations]"
Change component parameters (AddParameter): Name = "Alternate PartNumber"; Value = "-"; VariantName = "[No Variations]"
Change component parameters (AddParameter): Name = "ComponentLink1Description"; Value = "Datasheet Link"; VariantName = "[No Variations]"
Change component parameters (AddParameter): Name = "ComponentLink1URL"; Value = ""; VariantName = "[No Variations]"
Change component parameters (AddParameter): Name = "CompType"; Value = "Used in some BOM reports.  Useful for finding later."; VariantName = "[No Variations]"
Change component parameters (AddParameter): Name = "Manufacturer"; Value = "Texas Instruments"; VariantName = "[No Variations]"
Change component parameters (AddParameter): Name = "MountType"; Value = "SMT"; VariantName = "[No Variations]"
Change component parameters (AddParameter): Name = "PackageReference"; Value = "SO-8"; VariantName = "[No Variations]"
Change component parameters (AddParameter): Name = "PartNumber"; Value = "CSD88537ND"; VariantName = "[No Variations]"
Change component parameters (AddParameter): Name = "RoHS"; Value = "Y"; VariantName = "[No Variations]"
Change component parameters (AddParameter): Name = "SymbolCreator"; Value = "a0273408"; VariantName = "[No Variations]"
Change component parameters (AddParameter): Name = "SymbolVersion"; Value = "2013-07-26"; VariantName = "[No Variations]"
Change component parameters (AddParameter): Name = "U/M"; Value = "EA, IN, or GM"; VariantName = "[No Variations]"
Change component parameters: Designator = "Q2"; Footprint = "SO-8"; UniqueID = "\VCTWUMPI"
Change component parameters. Clean all parameters for all variants
Change component parameters (AddParameter): Name = "Alternate Manufacturer"; Value = "-"; VariantName = "[No Variations]"
Change component parameters (AddParameter): Name = "Alternate PartNumber"; Value = "-"; VariantName = "[No Variations]"
Change component parameters (AddParameter): Name = "ComponentLink1Description"; Value = "Datasheet Link"; VariantName = "[No Variations]"
Change component parameters (AddParameter): Name = "ComponentLink1URL"; Value = ""; VariantName = "[No Variations]"
Change component parameters (AddParameter): Name = "CompType"; Value = "Used in some BOM reports.  Useful for finding later."; VariantName = "[No Variations]"
Change component parameters (AddParameter): Name = "Manufacturer"; Value = "Texas Instruments"; VariantName = "[No Variations]"
Change component parameters (AddParameter): Name = "MountType"; Value = "SMT"; VariantName = "[No Variations]"
Change component parameters (AddParameter): Name = "PackageReference"; Value = "SO-8"; VariantName = "[No Variations]"
Change component parameters (AddParameter): Name = "PartNumber"; Value = "CSD88537ND"; VariantName = "[No Variations]"
Change component parameters (AddParameter): Name = "RoHS"; Value = "Y"; VariantName = "[No Variations]"
Change component parameters (AddParameter): Name = "SymbolCreator"; Value = "a0273408"; VariantName = "[No Variations]"
Change component parameters (AddParameter): Name = "SymbolVersion"; Value = "2013-07-26"; VariantName = "[No Variations]"
Change component parameters (AddParameter): Name = "U/M"; Value = "EA, IN, or GM"; VariantName = "[No Variations]"
Change component parameters: Designator = "Q3"; Footprint = "SO-8"; UniqueID = "\ORLVSIGB"
Change component parameters. Clean all parameters for all variants
Change component parameters (AddParameter): Name = "Alternate Manufacturer"; Value = "-"; VariantName = "[No Variations]"
Change component parameters (AddParameter): Name = "Alternate PartNumber"; Value = "-"; VariantName = "[No Variations]"
Change component parameters (AddParameter): Name = "ComponentLink1Description"; Value = "Datasheet Link"; VariantName = "[No Variations]"
Change component parameters (AddParameter): Name = "ComponentLink1URL"; Value = ""; VariantName = "[No Variations]"
Change component parameters (AddParameter): Name = "CompType"; Value = "Used in some BOM reports.  Useful for finding later."; VariantName = "[No Variations]"
Change component parameters (AddParameter): Name = "Manufacturer"; Value = "Texas Instruments"; VariantName = "[No Variations]"
Change component parameters (AddParameter): Name = "MountType"; Value = "SMT"; VariantName = "[No Variations]"
Change component parameters (AddParameter): Name = "PackageReference"; Value = "SO-8"; VariantName = "[No Variations]"
Change component parameters (AddParameter): Name = "PartNumber"; Value = "CSD88537ND"; VariantName = "[No Variations]"
Change component parameters (AddParameter): Name = "RoHS"; Value = "Y"; VariantName = "[No Variations]"
Change component parameters (AddParameter): Name = "SymbolCreator"; Value = "a0273408"; VariantName = "[No Variations]"
Change component parameters (AddParameter): Name = "SymbolVersion"; Value = "2013-07-26"; VariantName = "[No Variations]"
Change component parameters (AddParameter): Name = "U/M"; Value = "EA, IN, or GM"; VariantName = "[No Variations]"
Change component parameters: Designator = "Q4"; Footprint = "SO-8"; UniqueID = "\YQIOUQJO"
Change component parameters. Clean all parameters for all variants
Change component parameters (AddParameter): Name = "Alternate Manufacturer"; Value = "-"; VariantName = "[No Variations]"
Change component parameters (AddParameter): Name = "Alternate PartNumber"; Value = "-"; VariantName = "[No Variations]"
Change component parameters (AddParameter): Name = "ComponentLink1Description"; Value = "Datasheet Link"; VariantName = "[No Variations]"
Change component parameters (AddParameter): Name = "ComponentLink1URL"; Value = ""; VariantName = "[No Variations]"
Change component parameters (AddParameter): Name = "CompType"; Value = "Used in some BOM reports.  Useful for finding later."; VariantName = "[No Variations]"
Change component parameters (AddParameter): Name = "Manufacturer"; Value = "Texas Instruments"; VariantName = "[No Variations]"
Change component parameters (AddParameter): Name = "MountType"; Value = "SMT"; VariantName = "[No Variations]"
Change component parameters (AddParameter): Name = "PackageReference"; Value = "SO-8"; VariantName = "[No Variations]"
Change component parameters (AddParameter): Name = "PartNumber"; Value = "CSD88537ND"; VariantName = "[No Variations]"
Change component parameters (AddParameter): Name = "RoHS"; Value = "Y"; VariantName = "[No Variations]"
Change component parameters (AddParameter): Name = "SymbolCreator"; Value = "a0273408"; VariantName = "[No Variations]"
Change component parameters (AddParameter): Name = "SymbolVersion"; Value = "2013-07-26"; VariantName = "[No Variations]"
Change component parameters (AddParameter): Name = "U/M"; Value = "EA, IN, or GM"; VariantName = "[No Variations]"
Change component parameters: Designator = "U1"; Footprint = "R-PDSO-G38"; UniqueID = "\FPEPLUVG"
Change component parameters. Clean all parameters for all variants
Change component parameters (AddParameter): Name = "Alternate Manufacturer"; Value = "-"; VariantName = "[No Variations]"
Change component parameters (AddParameter): Name = "Alternate PartNumber"; Value = "-"; VariantName = "[No Variations]"
Change component parameters (AddParameter): Name = "ComponentLink1Description"; Value = "Datasheet Link"; VariantName = "[No Variations]"
Change component parameters (AddParameter): Name = "ComponentLink1URL"; Value = ""; VariantName = "[No Variations]"
Change component parameters (AddParameter): Name = "CompType"; Value = "Used in some BOM reports.  Useful for finding later."; VariantName = "[No Variations]"
Change component parameters (AddParameter): Name = "Manufacturer"; Value = "Texas Instruments"; VariantName = "[No Variations]"
Change component parameters (AddParameter): Name = "MountType"; Value = "SMT"; VariantName = "[No Variations]"
Change component parameters (AddParameter): Name = "PackageReference"; Value = "DCP"; VariantName = "[No Variations]"
Change component parameters (AddParameter): Name = "PartNumber"; Value = "DRV8711DCP"; VariantName = "[No Variations]"
Change component parameters (AddParameter): Name = "RoHS"; Value = "Y"; VariantName = "[No Variations]"
Change component parameters (AddParameter): Name = "SymbolCreator"; Value = "a0273408"; VariantName = "[No Variations]"
Change component parameters (AddParameter): Name = "SymbolVersion"; Value = "2013-07-23"; VariantName = "[No Variations]"
Change component parameters (AddParameter): Name = "U/M"; Value = "EA, IN, or GM"; VariantName = "[No Variations]"
Change component parameters: Designator = "J1"; Footprint = "CONN_SSW-110-23-F-S"; UniqueID = "\MJVYEOXE"
Change component parameters. Clean all parameters for all variants
Change component parameters (AddParameter): Name = "Alternate Manufacturer"; Value = ""; VariantName = "[No Variations]"
Change component parameters (AddParameter): Name = "Alternate PartNumber"; Value = ""; VariantName = "[No Variations]"
Change component parameters (AddParameter): Name = "ComponentLink1Description"; Value = ""; VariantName = "[No Variations]"
Change component parameters (AddParameter): Name = "ComponentLink1URL"; Value = ""; VariantName = "[No Variations]"
Change component parameters (AddParameter): Name = "CompType"; Value = "Connector"; VariantName = "[No Variations]"
Change component parameters (AddParameter): Name = "LatestRevisionDate"; Value = "2013-07-19"; VariantName = "[No Variations]"
Change component parameters (AddParameter): Name = "Manufacturer"; Value = "Major League Electronics"; VariantName = "[No Variations]"
Change component parameters (AddParameter): Name = "MountType"; Value = "TH"; VariantName = "[No Variations]"
Change component parameters (AddParameter): Name = "PackageReference"; Value = "10x1 Receptacle"; VariantName = "[No Variations]"
Change component parameters (AddParameter): Name = "PartNumber"; Value = "CRD-081413-B-T"; VariantName = "[No Variations]"
Change component parameters (AddParameter): Name = "Publisher"; Value = "Texas Instruments"; VariantName = "[No Variations]"
Change component parameters (AddParameter): Name = "RoHS"; Value = "Y"; VariantName = "[No Variations]"
Change component parameters (AddParameter): Name = "Supplier 1"; Value = ""; VariantName = "[No Variations]"
Change component parameters (AddParameter): Name = "Supplier 2"; Value = ""; VariantName = "[No Variations]"
Change component parameters (AddParameter): Name = "Supplier 3"; Value = ""; VariantName = "[No Variations]"
Change component parameters (AddParameter): Name = "Supplier Part Number 1"; Value = ""; VariantName = "[No Variations]"
Change component parameters (AddParameter): Name = "Supplier Part Number 2"; Value = ""; VariantName = "[No Variations]"
Change component parameters (AddParameter): Name = "Supplier Part Number 3"; Value = ""; VariantName = "[No Variations]"
Change component parameters (AddParameter): Name = "SymbolCreator"; Value = "a0411947"; VariantName = "[No Variations]"
Change component parameters (AddParameter): Name = "SymbolVersion"; Value = "2013-01-28"; VariantName = "[No Variations]"
Change component parameters (AddParameter): Name = "U/M"; Value = "EA"; VariantName = "[No Variations]"
Change component parameters: Designator = "J2"; Footprint = "CONN_SSW-110-23-F-S"; UniqueID = "\OREMXOGX"
Change component parameters. Clean all parameters for all variants
Change component parameters (AddParameter): Name = "Alternate Manufacturer"; Value = ""; VariantName = "[No Variations]"
Change component parameters (AddParameter): Name = "Alternate PartNumber"; Value = ""; VariantName = "[No Variations]"
Change component parameters (AddParameter): Name = "ComponentLink1Description"; Value = ""; VariantName = "[No Variations]"
Change component parameters (AddParameter): Name = "ComponentLink1URL"; Value = ""; VariantName = "[No Variations]"
Change component parameters (AddParameter): Name = "CompType"; Value = "Connector"; VariantName = "[No Variations]"
Change component parameters (AddParameter): Name = "LatestRevisionDate"; Value = "2013-07-19"; VariantName = "[No Variations]"
Change component parameters (AddParameter): Name = "Manufacturer"; Value = "Major League Electronics"; VariantName = "[No Variations]"
Change component parameters (AddParameter): Name = "MountType"; Value = "TH"; VariantName = "[No Variations]"
Change component parameters (AddParameter): Name = "PackageReference"; Value = "10x1 Receptacle"; VariantName = "[No Variations]"
Change component parameters (AddParameter): Name = "PartNumber"; Value = "CRD-081413-B-T"; VariantName = "[No Variations]"
Change component parameters (AddParameter): Name = "Publisher"; Value = "Texas Instruments"; VariantName = "[No Variations]"
Change component parameters (AddParameter): Name = "RoHS"; Value = "Y"; VariantName = "[No Variations]"
Change component parameters (AddParameter): Name = "Supplier 1"; Value = ""; VariantName = "[No Variations]"
Change component parameters (AddParameter): Name = "Supplier 2"; Value = ""; VariantName = "[No Variations]"
Change component parameters (AddParameter): Name = "Supplier 3"; Value = ""; VariantName = "[No Variations]"
Change component parameters (AddParameter): Name = "Supplier Part Number 1"; Value = ""; VariantName = "[No Variations]"
Change component parameters (AddParameter): Name = "Supplier Part Number 2"; Value = ""; VariantName = "[No Variations]"
Change component parameters (AddParameter): Name = "Supplier Part Number 3"; Value = ""; VariantName = "[No Variations]"
Change component parameters (AddParameter): Name = "SymbolCreator"; Value = "a0411947"; VariantName = "[No Variations]"
Change component parameters (AddParameter): Name = "SymbolVersion"; Value = "2013-01-28"; VariantName = "[No Variations]"
Change component parameters (AddParameter): Name = "U/M"; Value = "EA"; VariantName = "[No Variations]"
Change component parameters: Designator = "J5"; Footprint = "CONN_ED120-2DS"; UniqueID = "\LOUPFTWT"
Change component parameters. Clean all parameters for all variants
Change component parameters (AddParameter): Name = "Alternate Manufacturer"; Value = ""; VariantName = "[No Variations]"
Change component parameters (AddParameter): Name = "Alternate PartNumber"; Value = ""; VariantName = "[No Variations]"
Change component parameters (AddParameter): Name = "ComponentLink1Description"; Value = "Datasheet Link"; VariantName = "[No Variations]"
Change component parameters (AddParameter): Name = "ComponentLink1URL"; Value = "http://www.on-shore.com/sites/default/files/manuals/ed120ds.pdf"; VariantName = "[No Variations]"
Change component parameters (AddParameter): Name = "CompType"; Value = "Terminal Block"; VariantName = "[No Variations]"
Change component parameters (AddParameter): Name = "LatestRevisionDate"; Value = "2013-12-17"; VariantName = "[No Variations]"
Change component parameters (AddParameter): Name = "Manufacturer"; Value = "On Shore Technology Inc"; VariantName = "[No Variations]"
Change component parameters (AddParameter): Name = "MountType"; Value = "TH"; VariantName = "[No Variations]"
Change component parameters (AddParameter): Name = "PackageReference"; Value = "TERM_BLK, 2pos, 5.08mm"; VariantName = "[No Variations]"
Change component parameters (AddParameter): Name = "PartNumber"; Value = "OSTTA024163"; VariantName = "[No Variations]"
Change component parameters (AddParameter): Name = "Publisher"; Value = "Texas Instruments"; VariantName = "[No Variations]"
Change component parameters (AddParameter): Name = "RoHS"; Value = "Y"; VariantName = "[No Variations]"
Change component parameters (AddParameter): Name = "Supplier 1"; Value = ""; VariantName = "[No Variations]"
Change component parameters (AddParameter): Name = "Supplier 2"; Value = ""; VariantName = "[No Variations]"
Change component parameters (AddParameter): Name = "Supplier 3"; Value = ""; VariantName = "[No Variations]"
Change component parameters (AddParameter): Name = "Supplier Part Number 1"; Value = ""; VariantName = "[No Variations]"
Change component parameters (AddParameter): Name = "Supplier Part Number 2"; Value = ""; VariantName = "[No Variations]"
Change component parameters (AddParameter): Name = "Supplier Part Number 3"; Value = ""; VariantName = "[No Variations]"
Change component parameters (AddParameter): Name = "SymbolCreator"; Value = ""; VariantName = "[No Variations]"
Change component parameters (AddParameter): Name = "SymbolVersion"; Value = "2013-09-04"; VariantName = "[No Variations]"
Change component parameters (AddParameter): Name = "U/M"; Value = "EA"; VariantName = "[No Variations]"
Change component parameters: Designator = "J6"; Footprint = "CONN_ED120_4DS"; UniqueID = "\SYJWOPXT"
Change component parameters. Clean all parameters for all variants
Change component parameters (AddParameter): Name = "Alternate Manufacturer"; Value = ""; VariantName = "[No Variations]"
Change component parameters (AddParameter): Name = "Alternate PartNumber"; Value = ""; VariantName = "[No Variations]"
Change component parameters (AddParameter): Name = "ComponentLink1Description"; Value = "Datasheet Link"; VariantName = "[No Variations]"
Change component parameters (AddParameter): Name = "ComponentLink1URL"; Value = "http://www.on-shore.com/sites/default/files/manuals/ed120ds.pdf"; VariantName = "[No Variations]"
Change component parameters (AddParameter): Name = "CompType"; Value = "Terminal Block"; VariantName = "[No Variations]"
Change component parameters (AddParameter): Name = "LatestRevisionDate"; Value = "2013-12-17"; VariantName = "[No Variations]"
Change component parameters (AddParameter): Name = "Manufacturer"; Value = "On Shore Technology Inc"; VariantName = "[No Variations]"
Change component parameters (AddParameter): Name = "MountType"; Value = "TH"; VariantName = "[No Variations]"
Change component parameters (AddParameter): Name = "PackageReference"; Value = "TERM_BLK, 4pos, 5.08mm"; VariantName = "[No Variations]"
Change component parameters (AddParameter): Name = "PartNumber"; Value = "OSTTA044163"; VariantName = "[No Variations]"
Change component parameters (AddParameter): Name = "Publisher"; Value = "Texas Instruments"; VariantName = "[No Variations]"
Change component parameters (AddParameter): Name = "RoHS"; Value = "Y"; VariantName = "[No Variations]"
Change component parameters (AddParameter): Name = "Supplier 1"; Value = ""; VariantName = "[No Variations]"
Change component parameters (AddParameter): Name = "Supplier 2"; Value = ""; VariantName = "[No Variations]"
Change component parameters (AddParameter): Name = "Supplier 3"; Value = ""; VariantName = "[No Variations]"
Change component parameters (AddParameter): Name = "Supplier Part Number 1"; Value = ""; VariantName = "[No Variations]"
Change component parameters (AddParameter): Name = "Supplier Part Number 2"; Value = ""; VariantName = "[No Variations]"
Change component parameters (AddParameter): Name = "Supplier Part Number 3"; Value = ""; VariantName = "[No Variations]"
Change component parameters (AddParameter): Name = "SymbolCreator"; Value = "a0411947"; VariantName = "[No Variations]"
Change component parameters (AddParameter): Name = "SymbolVersion"; Value = "2013-08-30"; VariantName = "[No Variations]"
Change component parameters (AddParameter): Name = "U/M"; Value = "EA"; VariantName = "[No Variations]"
Change component parameters: Designator = "R1"; Footprint = "2512M"; UniqueID = "\IWPVPNYV"
Change component parameters. Clean all parameters for all variants
Change component parameters (AddParameter): Name = "Alternate Manufacturer"; Value = ""; VariantName = "[No Variations]"
Change component parameters (AddParameter): Name = "Alternate PartNumber"; Value = ""; VariantName = "[No Variations]"
Change component parameters (AddParameter): Name = "ComponentLink1Description"; Value = "Datasheet link"; VariantName = "[No Variations]"
Change component parameters (AddParameter): Name = "ComponentLink1URL"; Value = "http://www.bourns.com/data/global/pdfs/CRA.pdf"; VariantName = "[No Variations]"
Change component parameters (AddParameter): Name = "CompType"; Value = "Resistor"; VariantName = "[No Variations]"
Change component parameters (AddParameter): Name = "EIA_Code"; Value = "E96"; VariantName = "[No Variations]"
Change component parameters (AddParameter): Name = "LatestRevisionDate"; Value = "2013-07-24"; VariantName = "[No Variations]"
Change component parameters (AddParameter): Name = "Manufacturer"; Value = "Bourns"; VariantName = "[No Variations]"
Change component parameters (AddParameter): Name = "MountType"; Value = "SMT"; VariantName = "[No Variations]"
Change component parameters (AddParameter): Name = "PackageReference"; Value = "2512"; VariantName = "[No Variations]"
Change component parameters (AddParameter): Name = "PartNumber"; Value = "CRA2512-FZ-R050ELF"; VariantName = "[No Variations]"
Change component parameters (AddParameter): Name = "Power_W"; Value = "3"; VariantName = "[No Variations]"
Change component parameters (AddParameter): Name = "Published"; Value = "2008-06-26"; VariantName = "[No Variations]"
Change component parameters (AddParameter): Name = "Publisher"; Value = "Texas Instruments"; VariantName = "[No Variations]"
Change component parameters (AddParameter): Name = "Res_ohm"; Value = "0.05"; VariantName = "[No Variations]"
Change component parameters (AddParameter): Name = "RoHS"; Value = "Y"; VariantName = "[No Variations]"
Change component parameters (AddParameter): Name = "Supplier 1"; Value = "Digi-Key"; VariantName = "[No Variations]"
Change component parameters (AddParameter): Name = "Supplier 2"; Value = "Mouser"; VariantName = "[No Variations]"
Change component parameters (AddParameter): Name = "Supplier 3"; Value = "Farnell"; VariantName = "[No Variations]"
Change component parameters (AddParameter): Name = "Supplier Part Number 1"; Value = "CRA2512-FZ-R050ELFCT-ND"; VariantName = "[No Variations]"
Change component parameters (AddParameter): Name = "Supplier Part Number 2"; Value = "652-CRA2512FZ-R50ELF"; VariantName = "[No Variations]"
Change component parameters (AddParameter): Name = "Supplier Part Number 3"; Value = "1435950"; VariantName = "[No Variations]"
Change component parameters (AddParameter): Name = "SymbolVersion"; Value = "2009-05-29"; VariantName = "[No Variations]"
Change component parameters (AddParameter): Name = "Technology"; Value = "Metal Film"; VariantName = "[No Variations]"
Change component parameters (AddParameter): Name = "TempCo"; Value = "75 ppm/C"; VariantName = "[No Variations]"
Change component parameters (AddParameter): Name = "Tolerance_%"; Value = "1"; VariantName = "[No Variations]"
Change component parameters (AddParameter): Name = "U/M"; Value = "EA"; VariantName = "[No Variations]"
Change component parameters (AddParameter): Name = "Value"; Value = "0.05"; VariantName = "[No Variations]"
Change component parameters (AddParameter): Name = "Value1"; Value = "1%"; VariantName = "[No Variations]"
Change component parameters (AddParameter): Name = "Value2"; Value = "3W"; VariantName = "[No Variations]"
Change component parameters (AddParameter): Name = "Value_Code"; Value = "R050"; VariantName = "[No Variations]"
Change component parameters (AddParameter): Name = "VDC_V"; Value = "0"; VariantName = "[No Variations]"
Change component parameters: Designator = "R2"; Footprint = "2512M"; UniqueID = "\RPGJBMJB"
Change component parameters. Clean all parameters for all variants
Change component parameters (AddParameter): Name = "Alternate Manufacturer"; Value = ""; VariantName = "[No Variations]"
Change component parameters (AddParameter): Name = "Alternate PartNumber"; Value = ""; VariantName = "[No Variations]"
Change component parameters (AddParameter): Name = "ComponentLink1Description"; Value = "Datasheet link"; VariantName = "[No Variations]"
Change component parameters (AddParameter): Name = "ComponentLink1URL"; Value = "http://www.bourns.com/data/global/pdfs/CRA.pdf"; VariantName = "[No Variations]"
Change component parameters (AddParameter): Name = "CompType"; Value = "Resistor"; VariantName = "[No Variations]"
Change component parameters (AddParameter): Name = "EIA_Code"; Value = "E96"; VariantName = "[No Variations]"
Change component parameters (AddParameter): Name = "LatestRevisionDate"; Value = "2013-07-24"; VariantName = "[No Variations]"
Change component parameters (AddParameter): Name = "Manufacturer"; Value = "Bourns"; VariantName = "[No Variations]"
Change component parameters (AddParameter): Name = "MountType"; Value = "SMT"; VariantName = "[No Variations]"
Change component parameters (AddParameter): Name = "PackageReference"; Value = "2512"; VariantName = "[No Variations]"
Change component parameters (AddParameter): Name = "PartNumber"; Value = "CRA2512-FZ-R050ELF"; VariantName = "[No Variations]"
Change component parameters (AddParameter): Name = "Power_W"; Value = "3"; VariantName = "[No Variations]"
Change component parameters (AddParameter): Name = "Published"; Value = "2008-06-26"; VariantName = "[No Variations]"
Change component parameters (AddParameter): Name = "Publisher"; Value = "Texas Instruments"; VariantName = "[No Variations]"
Change component parameters (AddParameter): Name = "Res_ohm"; Value = "0.05"; VariantName = "[No Variations]"
Change component parameters (AddParameter): Name = "RoHS"; Value = "Y"; VariantName = "[No Variations]"
Change component parameters (AddParameter): Name = "Supplier 1"; Value = "Digi-Key"; VariantName = "[No Variations]"
Change component parameters (AddParameter): Name = "Supplier 2"; Value = "Mouser"; VariantName = "[No Variations]"
Change component parameters (AddParameter): Name = "Supplier 3"; Value = "Farnell"; VariantName = "[No Variations]"
Change component parameters (AddParameter): Name = "Supplier Part Number 1"; Value = "CRA2512-FZ-R050ELFCT-ND"; VariantName = "[No Variations]"
Change component parameters (AddParameter): Name = "Supplier Part Number 2"; Value = "652-CRA2512FZ-R50ELF"; VariantName = "[No Variations]"
Change component parameters (AddParameter): Name = "Supplier Part Number 3"; Value = "1435950"; VariantName = "[No Variations]"
Change component parameters (AddParameter): Name = "SymbolVersion"; Value = "2009-05-29"; VariantName = "[No Variations]"
Change component parameters (AddParameter): Name = "Technology"; Value = "Metal Film"; VariantName = "[No Variations]"
Change component parameters (AddParameter): Name = "TempCo"; Value = "75 ppm/C"; VariantName = "[No Variations]"
Change component parameters (AddParameter): Name = "Tolerance_%"; Value = "1"; VariantName = "[No Variations]"
Change component parameters (AddParameter): Name = "U/M"; Value = "EA"; VariantName = "[No Variations]"
Change component parameters (AddParameter): Name = "Value"; Value = "0.05"; VariantName = "[No Variations]"
Change component parameters (AddParameter): Name = "Value1"; Value = "1%"; VariantName = "[No Variations]"
Change component parameters (AddParameter): Name = "Value2"; Value = "3W"; VariantName = "[No Variations]"
Change component parameters (AddParameter): Name = "Value_Code"; Value = "R050"; VariantName = "[No Variations]"
Change component parameters (AddParameter): Name = "VDC_V"; Value = "0"; VariantName = "[No Variations]"
Change component parameters: Designator = "R3"; Footprint = "0603L"; UniqueID = "\UAFDFMGE"
Change component parameters. Clean all parameters for all variants
Change component parameters (AddParameter): Name = "Alternate Manufacturer"; Value = ""; VariantName = "[No Variations]"
Change component parameters (AddParameter): Name = "Alternate PartNumber"; Value = ""; VariantName = "[No Variations]"
Change component parameters (AddParameter): Name = "ComponentLink1Description"; Value = "Datasheet link"; VariantName = "[No Variations]"
Change component parameters (AddParameter): Name = "ComponentLink1URL"; Value = "http://www.vishay.com/docs/20035/dcrcwe3.pdf"; VariantName = "[No Variations]"
Change component parameters (AddParameter): Name = "CompType"; Value = "Resistor"; VariantName = "[No Variations]"
Change component parameters (AddParameter): Name = "EIA_Code"; Value = "E24"; VariantName = "[No Variations]"
Change component parameters (AddParameter): Name = "LatestRevisionDate"; Value = "2013-07-19"; VariantName = "[No Variations]"
Change component parameters (AddParameter): Name = "Manufacturer"; Value = "Vishay-Dale"; VariantName = "[No Variations]"
Change component parameters (AddParameter): Name = "MountType"; Value = "SMT"; VariantName = "[No Variations]"
Change component parameters (AddParameter): Name = "PackageReference"; Value = "0603"; VariantName = "[No Variations]"
Change component parameters (AddParameter): Name = "PartNumber"; Value = "CRCW06033K30JNEA"; VariantName = "[No Variations]"
Change component parameters (AddParameter): Name = "Power_W"; Value = "0.1"; VariantName = "[No Variations]"
Change component parameters (AddParameter): Name = "Published"; Value = "2008-06-26"; VariantName = "[No Variations]"
Change component parameters (AddParameter): Name = "Publisher"; Value = "Texas Instruments"; VariantName = "[No Variations]"
Change component parameters (AddParameter): Name = "Res_ohm"; Value = "3300"; VariantName = "[No Variations]"
Change component parameters (AddParameter): Name = "RoHS"; Value = "Y"; VariantName = "[No Variations]"
Change component parameters (AddParameter): Name = "Supplier 1"; Value = "Digi-Key"; VariantName = "[No Variations]"
Change component parameters (AddParameter): Name = "Supplier 2"; Value = "Farnell"; VariantName = "[No Variations]"
Change component parameters (AddParameter): Name = "Supplier 3"; Value = "Newark"; VariantName = "[No Variations]"
Change component parameters (AddParameter): Name = "Supplier Part Number 1"; Value = "541-3.3KGCT-ND"; VariantName = "[No Variations]"
Change component parameters (AddParameter): Name = "Supplier Part Number 2"; Value = "1514749"; VariantName = "[No Variations]"
Change component parameters (AddParameter): Name = "Supplier Part Number 3"; Value = "59M6796"; VariantName = "[No Variations]"
Change component parameters (AddParameter): Name = "SymbolVersion"; Value = "2009-05-29"; VariantName = "[No Variations]"
Change component parameters (AddParameter): Name = "Technology"; Value = "Thick Film"; VariantName = "[No Variations]"
Change component parameters (AddParameter): Name = "TempCo"; Value = "200 ppm/C"; VariantName = "[No Variations]"
Change component parameters (AddParameter): Name = "Tolerance_%"; Value = "5"; VariantName = "[No Variations]"
Change component parameters (AddParameter): Name = "U/M"; Value = "EA"; VariantName = "[No Variations]"
Change component parameters (AddParameter): Name = "Value"; Value = "3.3k"; VariantName = "[No Variations]"
Change component parameters (AddParameter): Name = "Value1"; Value = "5%"; VariantName = "[No Variations]"
Change component parameters (AddParameter): Name = "Value2"; Value = "0.1W"; VariantName = "[No Variations]"
Change component parameters (AddParameter): Name = "Value_Code"; Value = "3k30"; VariantName = "[No Variations]"
Change component parameters (AddParameter): Name = "VDC_V"; Value = "75"; VariantName = "[No Variations]"
Change component parameters: Designator = "R4"; Footprint = "0603L"; UniqueID = "\ECBNXTBC"
Change component parameters. Clean all parameters for all variants
Change component parameters (AddParameter): Name = "Alternate Manufacturer"; Value = ""; VariantName = "[No Variations]"
Change component parameters (AddParameter): Name = "Alternate PartNumber"; Value = ""; VariantName = "[No Variations]"
Change component parameters (AddParameter): Name = "ComponentLink1Description"; Value = "Datasheet link"; VariantName = "[No Variations]"
Change component parameters (AddParameter): Name = "ComponentLink1URL"; Value = "http://www.vishay.com/docs/20035/dcrcwe3.pdf"; VariantName = "[No Variations]"
Change component parameters (AddParameter): Name = "CompType"; Value = "Resistor"; VariantName = "[No Variations]"
Change component parameters (AddParameter): Name = "EIA_Code"; Value = "E24"; VariantName = "[No Variations]"
Change component parameters (AddParameter): Name = "LatestRevisionDate"; Value = "2013-07-19"; VariantName = "[No Variations]"
Change component parameters (AddParameter): Name = "Manufacturer"; Value = "Vishay-Dale"; VariantName = "[No Variations]"
Change component parameters (AddParameter): Name = "MountType"; Value = "SMT"; VariantName = "[No Variations]"
Change component parameters (AddParameter): Name = "PackageReference"; Value = "0603"; VariantName = "[No Variations]"
Change component parameters (AddParameter): Name = "PartNumber"; Value = "CRCW0603330RJNEA"; VariantName = "[No Variations]"
Change component parameters (AddParameter): Name = "Power_W"; Value = "0.1"; VariantName = "[No Variations]"
Change component parameters (AddParameter): Name = "Published"; Value = "2008-06-26"; VariantName = "[No Variations]"
Change component parameters (AddParameter): Name = "Publisher"; Value = "Texas Instruments"; VariantName = "[No Variations]"
Change component parameters (AddParameter): Name = "Res_ohm"; Value = "330"; VariantName = "[No Variations]"
Change component parameters (AddParameter): Name = "RoHS"; Value = "Y"; VariantName = "[No Variations]"
Change component parameters (AddParameter): Name = "Supplier 1"; Value = "Digi-Key"; VariantName = "[No Variations]"
Change component parameters (AddParameter): Name = "Supplier 2"; Value = "Mouser"; VariantName = "[No Variations]"
Change component parameters (AddParameter): Name = "Supplier 3"; Value = "Farnell"; VariantName = "[No Variations]"
Change component parameters (AddParameter): Name = "Supplier Part Number 1"; Value = "541-330GCT-ND"; VariantName = "[No Variations]"
Change component parameters (AddParameter): Name = "Supplier Part Number 2"; Value = "71-CRCW0603J-330-E3"; VariantName = "[No Variations]"
Change component parameters (AddParameter): Name = "Supplier Part Number 3"; Value = "1692522"; VariantName = "[No Variations]"
Change component parameters (AddParameter): Name = "SymbolVersion"; Value = "2009-05-29"; VariantName = "[No Variations]"
Change component parameters (AddParameter): Name = "Technology"; Value = "Thick Film"; VariantName = "[No Variations]"
Change component parameters (AddParameter): Name = "TempCo"; Value = "200 ppm/C"; VariantName = "[No Variations]"
Change component parameters (AddParameter): Name = "Tolerance_%"; Value = "5"; VariantName = "[No Variations]"
Change component parameters (AddParameter): Name = "U/M"; Value = "EA"; VariantName = "[No Variations]"
Change component parameters (AddParameter): Name = "Value"; Value = "330"; VariantName = "[No Variations]"
Change component parameters (AddParameter): Name = "Value1"; Value = "5%"; VariantName = "[No Variations]"
Change component parameters (AddParameter): Name = "Value2"; Value = "0.1W"; VariantName = "[No Variations]"
Change component parameters (AddParameter): Name = "Value_Code"; Value = "330R"; VariantName = "[No Variations]"
Change component parameters (AddParameter): Name = "VDC_V"; Value = "75"; VariantName = "[No Variations]"
Change component parameters: Designator = "R5"; Footprint = "0603L"; UniqueID = "\VWMWGWON"
Change component parameters. Clean all parameters for all variants
Change component parameters (AddParameter): Name = "Alternate Manufacturer"; Value = ""; VariantName = "[No Variations]"
Change component parameters (AddParameter): Name = "Alternate PartNumber"; Value = ""; VariantName = "[No Variations]"
Change component parameters (AddParameter): Name = "ComponentLink1Description"; Value = "Datasheet link"; VariantName = "[No Variations]"
Change component parameters (AddParameter): Name = "ComponentLink1URL"; Value = "http://www.vishay.com/docs/20035/dcrcwe3.pdf"; VariantName = "[No Variations]"
Change component parameters (AddParameter): Name = "CompType"; Value = "Resistor"; VariantName = "[No Variations]"
Change component parameters (AddParameter): Name = "EIA_Code"; Value = "E24"; VariantName = "[No Variations]"
Change component parameters (AddParameter): Name = "LatestRevisionDate"; Value = "2013-07-19"; VariantName = "[No Variations]"
Change component parameters (AddParameter): Name = "Manufacturer"; Value = "Vishay-Dale"; VariantName = "[No Variations]"
Change component parameters (AddParameter): Name = "MountType"; Value = "SMT"; VariantName = "[No Variations]"
Change component parameters (AddParameter): Name = "PackageReference"; Value = "0603"; VariantName = "[No Variations]"
Change component parameters (AddParameter): Name = "PartNumber"; Value = "CRCW0603330RJNEA"; VariantName = "[No Variations]"
Change component parameters (AddParameter): Name = "Power_W"; Value = "0.1"; VariantName = "[No Variations]"
Change component parameters (AddParameter): Name = "Published"; Value = "2008-06-26"; VariantName = "[No Variations]"
Change component parameters (AddParameter): Name = "Publisher"; Value = "Texas Instruments"; VariantName = "[No Variations]"
Change component parameters (AddParameter): Name = "Res_ohm"; Value = "330"; VariantName = "[No Variations]"
Change component parameters (AddParameter): Name = "RoHS"; Value = "Y"; VariantName = "[No Variations]"
Change component parameters (AddParameter): Name = "Supplier 1"; Value = "Digi-Key"; VariantName = "[No Variations]"
Change component parameters (AddParameter): Name = "Supplier 2"; Value = "Mouser"; VariantName = "[No Variations]"
Change component parameters (AddParameter): Name = "Supplier 3"; Value = "Farnell"; VariantName = "[No Variations]"
Change component parameters (AddParameter): Name = "Supplier Part Number 1"; Value = "541-330GCT-ND"; VariantName = "[No Variations]"
Change component parameters (AddParameter): Name = "Supplier Part Number 2"; Value = "71-CRCW0603J-330-E3"; VariantName = "[No Variations]"
Change component parameters (AddParameter): Name = "Supplier Part Number 3"; Value = "1692522"; VariantName = "[No Variations]"
Change component parameters (AddParameter): Name = "SymbolVersion"; Value = "2009-05-29"; VariantName = "[No Variations]"
Change component parameters (AddParameter): Name = "Technology"; Value = "Thick Film"; VariantName = "[No Variations]"
Change component parameters (AddParameter): Name = "TempCo"; Value = "200 ppm/C"; VariantName = "[No Variations]"
Change component parameters (AddParameter): Name = "Tolerance_%"; Value = "5"; VariantName = "[No Variations]"
Change component parameters (AddParameter): Name = "U/M"; Value = "EA"; VariantName = "[No Variations]"
Change component parameters (AddParameter): Name = "Value"; Value = "330"; VariantName = "[No Variations]"
Change component parameters (AddParameter): Name = "Value1"; Value = "5%"; VariantName = "[No Variations]"
Change component parameters (AddParameter): Name = "Value2"; Value = "0.1W"; VariantName = "[No Variations]"
Change component parameters (AddParameter): Name = "Value_Code"; Value = "330R"; VariantName = "[No Variations]"
Change component parameters (AddParameter): Name = "VDC_V"; Value = "75"; VariantName = "[No Variations]"
Change component parameters: Designator = "C1"; Footprint = "CAPPR5-10X20"; UniqueID = "\MXTSWNWO"
Change component parameters. Clean all parameters for all variants
Change component parameters (AddParameter): Name = "AC_Derating"; Value = ""; VariantName = "[No Variations]"
Change component parameters (AddParameter): Name = "Alternate Manufacturer"; Value = ""; VariantName = "[No Variations]"
Change component parameters (AddParameter): Name = "Alternate PartNumber"; Value = ""; VariantName = "[No Variations]"
Change component parameters (AddParameter): Name = "Cap_Case"; Value = ""; VariantName = "[No Variations]"
Change component parameters (AddParameter): Name = "Cap_F"; Value = ""; VariantName = "[No Variations]"
Change component parameters (AddParameter): Name = "ComponentLink1Description"; Value = "Datasheet link"; VariantName = "[No Variations]"
Change component parameters (AddParameter): Name = "ComponentLink1URL"; Value = ""; VariantName = "[No Variations]"
Change component parameters (AddParameter): Name = "CompType"; Value = "Capacitor"; VariantName = "[No Variations]"
Change component parameters (AddParameter): Name = "ESR_Ohm"; Value = ""; VariantName = "[No Variations]"
Change component parameters (AddParameter): Name = "IRMS_A"; Value = ""; VariantName = "[No Variations]"
Change component parameters (AddParameter): Name = "LatestRevisionDate"; Value = "2013-07-14"; VariantName = "[No Variations]"
Change component parameters (AddParameter): Name = "Manufacturer"; Value = "Panasonic Electronic Components"; VariantName = "[No Variations]"
Change component parameters (AddParameter): Name = "MountType"; Value = "TH"; VariantName = "[No Variations]"
Change component parameters (AddParameter): Name = "PackageReference"; Value = "Radial, Can"; VariantName = "[No Variations]"
Change component parameters (AddParameter): Name = "PartNumber"; Value = "ECA-2AM101"; VariantName = "[No Variations]"
Change component parameters (AddParameter): Name = "Polarized"; Value = "Y"; VariantName = "[No Variations]"
Change component parameters (AddParameter): Name = "Publisher"; Value = "Texas Instruments"; VariantName = "[No Variations]"
Change component parameters (AddParameter): Name = "RoHS"; Value = "Y"; VariantName = "[No Variations]"
Change component parameters (AddParameter): Name = "Series"; Value = "M Series"; VariantName = "[No Variations]"
Change component parameters (AddParameter): Name = "Supplier 1"; Value = "Digi-Key"; VariantName = "[No Variations]"
Change component parameters (AddParameter): Name = "Supplier 2"; Value = ""; VariantName = "[No Variations]"
Change component parameters (AddParameter): Name = "Supplier 3"; Value = ""; VariantName = "[No Variations]"
Change component parameters (AddParameter): Name = "Supplier Part Number 1"; Value = "P5313-ND"; VariantName = "[No Variations]"
Change component parameters (AddParameter): Name = "Supplier Part Number 2"; Value = ""; VariantName = "[No Variations]"
Change component parameters (AddParameter): Name = "Supplier Part Number 3"; Value = ""; VariantName = "[No Variations]"
Change component parameters (AddParameter): Name = "SymbolVersion"; Value = "2008-07-09"; VariantName = "[No Variations]"
Change component parameters (AddParameter): Name = "TaMax_C"; Value = "85"; VariantName = "[No Variations]"
Change component parameters (AddParameter): Name = "TaMin_C"; Value = "-40"; VariantName = "[No Variations]"
Change component parameters (AddParameter): Name = "Technology"; Value = "AL"; VariantName = "[No Variations]"
Change component parameters (AddParameter): Name = "Tolerance_%"; Value = "20"; VariantName = "[No Variations]"
Change component parameters (AddParameter): Name = "U/M"; Value = "EA"; VariantName = "[No Variations]"
Change component parameters (AddParameter): Name = "Value"; Value = "100uF"; VariantName = "[No Variations]"
Change component parameters (AddParameter): Name = "Value1"; Value = ""; VariantName = "[No Variations]"
Change component parameters (AddParameter): Name = "Value2"; Value = "100V"; VariantName = "[No Variations]"
Change component parameters (AddParameter): Name = "ValueDisplayed"; Value = "100µF"; VariantName = "[No Variations]"
Change component parameters (AddParameter): Name = "VDC_V"; Value = "100"; VariantName = "[No Variations]"
Change component parameters: Designator = "C2"; Footprint = "0603L"; UniqueID = "\DWKMTSJG"
Change component parameters. Clean all parameters for all variants
Change component parameters (AddParameter): Name = "Alternate Manufacturer"; Value = ""; VariantName = "[No Variations]"
Change component parameters (AddParameter): Name = "Alternate PartNumber"; Value = ""; VariantName = "[No Variations]"
Change component parameters (AddParameter): Name = "Cap_Case"; Value = "0603"; VariantName = "[No Variations]"
Change component parameters (AddParameter): Name = "Cap_F"; Value = "0.00000001"; VariantName = "[No Variations]"
Change component parameters (AddParameter): Name = "ComponentLink1Description"; Value = "Datasheet link"; VariantName = "[No Variations]"
Change component parameters (AddParameter): Name = "ComponentLink1URL"; Value = "http://www.tdk.co.jp/tefe02/e412_c.pdf"; VariantName = "[No Variations]"
Change component parameters (AddParameter): Name = "CompType"; Value = "Capacitor"; VariantName = "[No Variations]"
Change component parameters (AddParameter): Name = "ESR_Ohm"; Value = "0.0661"; VariantName = "[No Variations]"
Change component parameters (AddParameter): Name = "IRMS_A"; Value = ""; VariantName = "[No Variations]"
Change component parameters (AddParameter): Name = "LatestRevisionDate"; Value = "2013-07-24"; VariantName = "[No Variations]"
Change component parameters (AddParameter): Name = "Manufacturer"; Value = "TDK"; VariantName = "[No Variations]"
Change component parameters (AddParameter): Name = "MountType"; Value = "SMT"; VariantName = "[No Variations]"
Change component parameters (AddParameter): Name = "PackageReference"; Value = "0603"; VariantName = "[No Variations]"
Change component parameters (AddParameter): Name = "PartNumber"; Value = "C1608X7R2A103K"; VariantName = "[No Variations]"
Change component parameters (AddParameter): Name = "Polarized"; Value = "N"; VariantName = "[No Variations]"
Change component parameters (AddParameter): Name = "Published"; Value = "2008-06-19"; VariantName = "[No Variations]"
Change component parameters (AddParameter): Name = "Publisher"; Value = "Texas Instruments"; VariantName = "[No Variations]"
Change component parameters (AddParameter): Name = "RoHS"; Value = "Y"; VariantName = "[No Variations]"
Change component parameters (AddParameter): Name = "Supplier 1"; Value = "Digi-Key"; VariantName = "[No Variations]"
Change component parameters (AddParameter): Name = "Supplier 2"; Value = "Farnell"; VariantName = "[No Variations]"
Change component parameters (AddParameter): Name = "Supplier 3"; Value = ""; VariantName = "[No Variations]"
Change component parameters (AddParameter): Name = "Supplier Part Number 1"; Value = "445-1304-1-ND"; VariantName = "[No Variations]"
Change component parameters (AddParameter): Name = "Supplier Part Number 2"; Value = "1907322"; VariantName = "[No Variations]"
Change component parameters (AddParameter): Name = "Supplier Part Number 3"; Value = ""; VariantName = "[No Variations]"
Change component parameters (AddParameter): Name = "SymbolVersion"; Value = "2008-07-09"; VariantName = "[No Variations]"
Change component parameters (AddParameter): Name = "TaMax_C"; Value = "125"; VariantName = "[No Variations]"
Change component parameters (AddParameter): Name = "TaMin_C"; Value = "-55"; VariantName = "[No Variations]"
Change component parameters (AddParameter): Name = "Technology"; Value = "Ceramic"; VariantName = "[No Variations]"
Change component parameters (AddParameter): Name = "TempCo"; Value = "X7R"; VariantName = "[No Variations]"
Change component parameters (AddParameter): Name = "Tolerance_%"; Value = "10"; VariantName = "[No Variations]"
Change component parameters (AddParameter): Name = "U/M"; Value = "EA"; VariantName = "[No Variations]"
Change component parameters (AddParameter): Name = "Value"; Value = "0.01uF"; VariantName = "[No Variations]"
Change component parameters (AddParameter): Name = "Value1"; Value = "0.0661 ohm"; VariantName = "[No Variations]"
Change component parameters (AddParameter): Name = "Value2"; Value = "100V"; VariantName = "[No Variations]"
Change component parameters (AddParameter): Name = "ValueDisplayed"; Value = "0.01µF"; VariantName = "[No Variations]"
Change component parameters (AddParameter): Name = "VDC_V"; Value = "100"; VariantName = "[No Variations]"
Change component parameters: Designator = "C3"; Footprint = "0603L"; UniqueID = "\AKQOFDFD"
Change component parameters. Clean all parameters for all variants
Change component parameters (AddParameter): Name = "Alternate Manufacturer"; Value = ""; VariantName = "[No Variations]"
Change component parameters (AddParameter): Name = "Alternate PartNumber"; Value = ""; VariantName = "[No Variations]"
Change component parameters (AddParameter): Name = "Cap_Case"; Value = "0603"; VariantName = "[No Variations]"
Change component parameters (AddParameter): Name = "Cap_F"; Value = "0.0000001"; VariantName = "[No Variations]"
Change component parameters (AddParameter): Name = "ComponentLink1Description"; Value = "Datasheet link"; VariantName = "[No Variations]"
Change component parameters (AddParameter): Name = "ComponentLink1URL"; Value = "http://search.murata.co.jp/Ceramy/PnsearchViewAction.do?HnOFG=ON&HnNFG=ON&SEL_CNT=50&sLang=en&sKey=GRM188R72A104KA35D&x=9&y=9&search=startwith"; VariantName = "[No Variations]"
Change component parameters (AddParameter): Name = "CompType"; Value = "Capacitor"; VariantName = "[No Variations]"
Change component parameters (AddParameter): Name = "ESR_Ohm"; Value = ""; VariantName = "[No Variations]"
Change component parameters (AddParameter): Name = "IRMS_A"; Value = ""; VariantName = "[No Variations]"
Change component parameters (AddParameter): Name = "LatestRevisionDate"; Value = "2013-07-24"; VariantName = "[No Variations]"
Change component parameters (AddParameter): Name = "Manufacturer"; Value = "MuRata"; VariantName = "[No Variations]"
Change component parameters (AddParameter): Name = "MountType"; Value = "SMT"; VariantName = "[No Variations]"
Change component parameters (AddParameter): Name = "PackageReference"; Value = "0603"; VariantName = "[No Variations]"
Change component parameters (AddParameter): Name = "PartNumber"; Value = "GRM188R72A104KA35D"; VariantName = "[No Variations]"
Change component parameters (AddParameter): Name = "Polarized"; Value = "N"; VariantName = "[No Variations]"
Change component parameters (AddParameter): Name = "Published"; Value = "2008-06-19"; VariantName = "[No Variations]"
Change component parameters (AddParameter): Name = "Publisher"; Value = "Texas Instruments"; VariantName = "[No Variations]"
Change component parameters (AddParameter): Name = "RoHS"; Value = "Y"; VariantName = "[No Variations]"
Change component parameters (AddParameter): Name = "Supplier 1"; Value = "Digi-Key"; VariantName = "[No Variations]"
Change component parameters (AddParameter): Name = "Supplier 2"; Value = "Mouser"; VariantName = "[No Variations]"
Change component parameters (AddParameter): Name = "Supplier 3"; Value = "Farnell"; VariantName = "[No Variations]"
Change component parameters (AddParameter): Name = "Supplier Part Number 1"; Value = "490-3285-1-ND"; VariantName = "[No Variations]"
Change component parameters (AddParameter): Name = "Supplier Part Number 2"; Value = "81-GRM188R72A104KA35"; VariantName = "[No Variations]"
Change component parameters (AddParameter): Name = "Supplier Part Number 3"; Value = "1828921"; VariantName = "[No Variations]"
Change component parameters (AddParameter): Name = "SymbolVersion"; Value = "2008-07-09"; VariantName = "[No Variations]"
Change component parameters (AddParameter): Name = "TaMax_C"; Value = "125"; VariantName = "[No Variations]"
Change component parameters (AddParameter): Name = "TaMin_C"; Value = "-55"; VariantName = "[No Variations]"
Change component parameters (AddParameter): Name = "Technology"; Value = "Ceramic"; VariantName = "[No Variations]"
Change component parameters (AddParameter): Name = "TempCo"; Value = "X7R"; VariantName = "[No Variations]"
Change component parameters (AddParameter): Name = "Tolerance_%"; Value = "10"; VariantName = "[No Variations]"
Change component parameters (AddParameter): Name = "U/M"; Value = "EA"; VariantName = "[No Variations]"
Change component parameters (AddParameter): Name = "Value"; Value = "0.1uF"; VariantName = "[No Variations]"
Change component parameters (AddParameter): Name = "Value1"; Value = "Unknown"; VariantName = "[No Variations]"
Change component parameters (AddParameter): Name = "Value2"; Value = "100V"; VariantName = "[No Variations]"
Change component parameters (AddParameter): Name = "ValueDisplayed"; Value = "0.1µF"; VariantName = "[No Variations]"
Change component parameters (AddParameter): Name = "VDC_V"; Value = "100"; VariantName = "[No Variations]"
Change component parameters: Designator = "C4"; Footprint = "0805L"; UniqueID = "\INMVWFON"
Change component parameters. Clean all parameters for all variants
Change component parameters (AddParameter): Name = "Alternate Manufacturer"; Value = ""; VariantName = "[No Variations]"
Change component parameters (AddParameter): Name = "Alternate PartNumber"; Value = ""; VariantName = "[No Variations]"
Change component parameters (AddParameter): Name = "Cap_Case"; Value = "0805"; VariantName = "[No Variations]"
Change component parameters (AddParameter): Name = "Cap_F"; Value = "0.000001"; VariantName = "[No Variations]"
Change component parameters (AddParameter): Name = "ComponentLink1Description"; Value = ""; VariantName = "[No Variations]"
Change component parameters (AddParameter): Name = "ComponentLink1URL"; Value = ""; VariantName = "[No Variations]"
Change component parameters (AddParameter): Name = "CompType"; Value = "Capacitor"; VariantName = "[No Variations]"
Change component parameters (AddParameter): Name = "ESR_Ohm"; Value = ""; VariantName = "[No Variations]"
Change component parameters (AddParameter): Name = "IRMS_A"; Value = ""; VariantName = "[No Variations]"
Change component parameters (AddParameter): Name = "LatestRevisionDate"; Value = "2013-07-24"; VariantName = "[No Variations]"
Change component parameters (AddParameter): Name = "Manufacturer"; Value = "Samsung Electro-Mechanics America, Inc"; VariantName = "[No Variations]"
Change component parameters (AddParameter): Name = "MountType"; Value = "SMT"; VariantName = "[No Variations]"
Change component parameters (AddParameter): Name = "PackageReference"; Value = "0805"; VariantName = "[No Variations]"
Change component parameters (AddParameter): Name = "PartNumber"; Value = "CL21B105KBFNNNE"; VariantName = "[No Variations]"
Change component parameters (AddParameter): Name = "Polarized"; Value = "N"; VariantName = "[No Variations]"
Change component parameters (AddParameter): Name = "Published"; Value = "2008-06-19"; VariantName = "[No Variations]"
Change component parameters (AddParameter): Name = "Publisher"; Value = "Texas Instruments"; VariantName = "[No Variations]"
Change component parameters (AddParameter): Name = "RoHS"; Value = "Y"; VariantName = "[No Variations]"
Change component parameters (AddParameter): Name = "Supplier 1"; Value = ""; VariantName = "[No Variations]"
Change component parameters (AddParameter): Name = "Supplier 2"; Value = ""; VariantName = "[No Variations]"
Change component parameters (AddParameter): Name = "Supplier 3"; Value = ""; VariantName = "[No Variations]"
Change component parameters (AddParameter): Name = "Supplier Part Number 1"; Value = ""; VariantName = "[No Variations]"
Change component parameters (AddParameter): Name = "Supplier Part Number 2"; Value = ""; VariantName = "[No Variations]"
Change component parameters (AddParameter): Name = "Supplier Part Number 3"; Value = ""; VariantName = "[No Variations]"
Change component parameters (AddParameter): Name = "SymbolVersion"; Value = "2008-07-09"; VariantName = "[No Variations]"
Change component parameters (AddParameter): Name = "TaMax_C"; Value = "125"; VariantName = "[No Variations]"
Change component parameters (AddParameter): Name = "TaMin_C"; Value = "-55"; VariantName = "[No Variations]"
Change component parameters (AddParameter): Name = "Technology"; Value = "Ceramic"; VariantName = "[No Variations]"
Change component parameters (AddParameter): Name = "TempCo"; Value = "X7R"; VariantName = "[No Variations]"
Change component parameters (AddParameter): Name = "Tolerance_%"; Value = "10"; VariantName = "[No Variations]"
Change component parameters (AddParameter): Name = "U/M"; Value = "EA"; VariantName = "[No Variations]"
Change component parameters (AddParameter): Name = "Value"; Value = "1uF"; VariantName = "[No Variations]"
Change component parameters (AddParameter): Name = "Value1"; Value = "Unknown"; VariantName = "[No Variations]"
Change component parameters (AddParameter): Name = "Value2"; Value = "50V"; VariantName = "[No Variations]"
Change component parameters (AddParameter): Name = "ValueDisplayed"; Value = "1µF"; VariantName = "[No Variations]"
Change component parameters (AddParameter): Name = "VDC_V"; Value = "50"; VariantName = "[No Variations]"
Change component parameters: Designator = "C5"; Footprint = "0603L"; UniqueID = "\FIAEQPKT"
Change component parameters. Clean all parameters for all variants
Change component parameters (AddParameter): Name = "Alternate Manufacturer"; Value = ""; VariantName = "[No Variations]"
Change component parameters (AddParameter): Name = "Alternate PartNumber"; Value = ""; VariantName = "[No Variations]"
Change component parameters (AddParameter): Name = "Cap_Case"; Value = "0603"; VariantName = "[No Variations]"
Change component parameters (AddParameter): Name = "Cap_F"; Value = "0.0000001"; VariantName = "[No Variations]"
Change component parameters (AddParameter): Name = "ComponentLink1Description"; Value = "Datasheet link"; VariantName = "[No Variations]"
Change component parameters (AddParameter): Name = "ComponentLink1URL"; Value = "http://www.tdk.co.jp/tefe02/e412_c.pdf"; VariantName = "[No Variations]"
Change component parameters (AddParameter): Name = "CompType"; Value = "Capacitor"; VariantName = "[No Variations]"
Change component parameters (AddParameter): Name = "ESR_Ohm"; Value = "0.017"; VariantName = "[No Variations]"
Change component parameters (AddParameter): Name = "IRMS_A"; Value = ""; VariantName = "[No Variations]"
Change component parameters (AddParameter): Name = "LatestRevisionDate"; Value = "2013-07-24"; VariantName = "[No Variations]"
Change component parameters (AddParameter): Name = "Manufacturer"; Value = "TDK"; VariantName = "[No Variations]"
Change component parameters (AddParameter): Name = "MountType"; Value = "SMT"; VariantName = "[No Variations]"
Change component parameters (AddParameter): Name = "PackageReference"; Value = "0603"; VariantName = "[No Variations]"
Change component parameters (AddParameter): Name = "PartNumber"; Value = "C1608X7R1E104K"; VariantName = "[No Variations]"
Change component parameters (AddParameter): Name = "Polarized"; Value = "N"; VariantName = "[No Variations]"
Change component parameters (AddParameter): Name = "Published"; Value = "2008-06-19"; VariantName = "[No Variations]"
Change component parameters (AddParameter): Name = "Publisher"; Value = "Texas Instruments"; VariantName = "[No Variations]"
Change component parameters (AddParameter): Name = "RoHS"; Value = "Y"; VariantName = "[No Variations]"
Change component parameters (AddParameter): Name = "Supplier 1"; Value = "Digi-Key"; VariantName = "[No Variations]"
Change component parameters (AddParameter): Name = "Supplier 2"; Value = "Farnell"; VariantName = "[No Variations]"
Change component parameters (AddParameter): Name = "Supplier 3"; Value = ""; VariantName = "[No Variations]"
Change component parameters (AddParameter): Name = "Supplier Part Number 1"; Value = "445-1316-1-ND"; VariantName = "[No Variations]"
Change component parameters (AddParameter): Name = "Supplier Part Number 2"; Value = "1844230"; VariantName = "[No Variations]"
Change component parameters (AddParameter): Name = "Supplier Part Number 3"; Value = ""; VariantName = "[No Variations]"
Change component parameters (AddParameter): Name = "SymbolVersion"; Value = "2008-07-09"; VariantName = "[No Variations]"
Change component parameters (AddParameter): Name = "TaMax_C"; Value = "125"; VariantName = "[No Variations]"
Change component parameters (AddParameter): Name = "TaMin_C"; Value = "-55"; VariantName = "[No Variations]"
Change component parameters (AddParameter): Name = "Technology"; Value = "Ceramic"; VariantName = "[No Variations]"
Change component parameters (AddParameter): Name = "TempCo"; Value = "X7R"; VariantName = "[No Variations]"
Change component parameters (AddParameter): Name = "Tolerance_%"; Value = "10"; VariantName = "[No Variations]"
Change component parameters (AddParameter): Name = "U/M"; Value = "EA"; VariantName = "[No Variations]"
Change component parameters (AddParameter): Name = "Value"; Value = "0.1uF"; VariantName = "[No Variations]"
Change component parameters (AddParameter): Name = "Value1"; Value = "0.017 ohm"; VariantName = "[No Variations]"
Change component parameters (AddParameter): Name = "Value2"; Value = "25V"; VariantName = "[No Variations]"
Change component parameters (AddParameter): Name = "ValueDisplayed"; Value = "0.1µF"; VariantName = "[No Variations]"
Change component parameters (AddParameter): Name = "VDC_V"; Value = "25"; VariantName = "[No Variations]"
Change component parameters: Designator = "C6"; Footprint = "0603L"; UniqueID = "\UXPTOKES"
Change component parameters. Clean all parameters for all variants
Change component parameters (AddParameter): Name = "Alternate Manufacturer"; Value = ""; VariantName = "[No Variations]"
Change component parameters (AddParameter): Name = "Alternate PartNumber"; Value = ""; VariantName = "[No Variations]"
Change component parameters (AddParameter): Name = "Cap_Case"; Value = "0603"; VariantName = "[No Variations]"
Change component parameters (AddParameter): Name = "Cap_F"; Value = "0.000001"; VariantName = "[No Variations]"
Change component parameters (AddParameter): Name = "ComponentLink1Description"; Value = "Datasheet link"; VariantName = "[No Variations]"
Change component parameters (AddParameter): Name = "ComponentLink1URL"; Value = "http://www.tdk.co.jp/tefe02/e412_c.pdf"; VariantName = "[No Variations]"
Change component parameters (AddParameter): Name = "CompType"; Value = "Capacitor"; VariantName = "[No Variations]"
Change component parameters (AddParameter): Name = "ESR_Ohm"; Value = "0.0057"; VariantName = "[No Variations]"
Change component parameters (AddParameter): Name = "IRMS_A"; Value = ""; VariantName = "[No Variations]"
Change component parameters (AddParameter): Name = "LatestRevisionDate"; Value = "2013-07-24"; VariantName = "[No Variations]"
Change component parameters (AddParameter): Name = "Manufacturer"; Value = "TDK"; VariantName = "[No Variations]"
Change component parameters (AddParameter): Name = "MountType"; Value = "SMT"; VariantName = "[No Variations]"
Change component parameters (AddParameter): Name = "PackageReference"; Value = "0603"; VariantName = "[No Variations]"
Change component parameters (AddParameter): Name = "PartNumber"; Value = "C1608X7R1C105K"; VariantName = "[No Variations]"
Change component parameters (AddParameter): Name = "Polarized"; Value = "N"; VariantName = "[No Variations]"
Change component parameters (AddParameter): Name = "Published"; Value = "2008-06-19"; VariantName = "[No Variations]"
Change component parameters (AddParameter): Name = "Publisher"; Value = "Texas Instruments"; VariantName = "[No Variations]"
Change component parameters (AddParameter): Name = "RoHS"; Value = "Y"; VariantName = "[No Variations]"
Change component parameters (AddParameter): Name = "Supplier 1"; Value = "Digi-Key"; VariantName = "[No Variations]"
Change component parameters (AddParameter): Name = "Supplier 2"; Value = "Farnell"; VariantName = "[No Variations]"
Change component parameters (AddParameter): Name = "Supplier 3"; Value = ""; VariantName = "[No Variations]"
Change component parameters (AddParameter): Name = "Supplier Part Number 1"; Value = "445-1604-1-ND"; VariantName = "[No Variations]"
Change component parameters (AddParameter): Name = "Supplier Part Number 2"; Value = "1907343"; VariantName = "[No Variations]"
Change component parameters (AddParameter): Name = "Supplier Part Number 3"; Value = ""; VariantName = "[No Variations]"
Change component parameters (AddParameter): Name = "SymbolVersion"; Value = "2008-07-09"; VariantName = "[No Variations]"
Change component parameters (AddParameter): Name = "TaMax_C"; Value = "125"; VariantName = "[No Variations]"
Change component parameters (AddParameter): Name = "TaMin_C"; Value = "-55"; VariantName = "[No Variations]"
Change component parameters (AddParameter): Name = "Technology"; Value = "Ceramic"; VariantName = "[No Variations]"
Change component parameters (AddParameter): Name = "TempCo"; Value = "X7R"; VariantName = "[No Variations]"
Change component parameters (AddParameter): Name = "Tolerance_%"; Value = "10"; VariantName = "[No Variations]"
Change component parameters (AddParameter): Name = "U/M"; Value = "EA"; VariantName = "[No Variations]"
Change component parameters (AddParameter): Name = "Value"; Value = "1uF"; VariantName = "[No Variations]"
Change component parameters (AddParameter): Name = "Value1"; Value = "0.0057 ohm"; VariantName = "[No Variations]"
Change component parameters (AddParameter): Name = "Value2"; Value = "16V"; VariantName = "[No Variations]"
Change component parameters (AddParameter): Name = "ValueDisplayed"; Value = "1µF"; VariantName = "[No Variations]"
Change component parameters (AddParameter): Name = "VDC_V"; Value = "16"; VariantName = "[No Variations]"
Change component parameters: Designator = "C7"; Footprint = "0603L"; UniqueID = "\AXBCLOHX"
Change component parameters. Clean all parameters for all variants
Change component parameters (AddParameter): Name = "Alternate Manufacturer"; Value = ""; VariantName = "[No Variations]"
Change component parameters (AddParameter): Name = "Alternate PartNumber"; Value = ""; VariantName = "[No Variations]"
Change component parameters (AddParameter): Name = "Cap_Case"; Value = "0603"; VariantName = "[No Variations]"
Change component parameters (AddParameter): Name = "Cap_F"; Value = "0.000000001"; VariantName = "[No Variations]"
Change component parameters (AddParameter): Name = "ComponentLink1Description"; Value = ""; VariantName = "[No Variations]"
Change component parameters (AddParameter): Name = "ComponentLink1URL"; Value = ""; VariantName = "[No Variations]"
Change component parameters (AddParameter): Name = "CompType"; Value = "Capacitor"; VariantName = "[No Variations]"
Change component parameters (AddParameter): Name = "ESR_Ohm"; Value = ""; VariantName = "[No Variations]"
Change component parameters (AddParameter): Name = "IRMS_A"; Value = ""; VariantName = "[No Variations]"
Change component parameters (AddParameter): Name = "LatestRevisionDate"; Value = "2013-12-18"; VariantName = "[No Variations]"
Change component parameters (AddParameter): Name = "Manufacturer"; Value = "Kemet"; VariantName = "[No Variations]"
Change component parameters (AddParameter): Name = "MountType"; Value = "SMT"; VariantName = "[No Variations]"
Change component parameters (AddParameter): Name = "PackageReference"; Value = "0603"; VariantName = "[No Variations]"
Change component parameters (AddParameter): Name = "PartNumber"; Value = "C0603C102K4RACTU"; VariantName = "[No Variations]"
Change component parameters (AddParameter): Name = "Polarized"; Value = "N"; VariantName = "[No Variations]"
Change component parameters (AddParameter): Name = "Published"; Value = "2008-06-19"; VariantName = "[No Variations]"
Change component parameters (AddParameter): Name = "Publisher"; Value = "Texas Instruments"; VariantName = "[No Variations]"
Change component parameters (AddParameter): Name = "RoHS"; Value = "Y"; VariantName = "[No Variations]"
Change component parameters (AddParameter): Name = "Supplier 1"; Value = ""; VariantName = "[No Variations]"
Change component parameters (AddParameter): Name = "Supplier 2"; Value = ""; VariantName = "[No Variations]"
Change component parameters (AddParameter): Name = "Supplier 3"; Value = ""; VariantName = "[No Variations]"
Change component parameters (AddParameter): Name = "Supplier Part Number 1"; Value = ""; VariantName = "[No Variations]"
Change component parameters (AddParameter): Name = "Supplier Part Number 2"; Value = ""; VariantName = "[No Variations]"
Change component parameters (AddParameter): Name = "Supplier Part Number 3"; Value = ""; VariantName = "[No Variations]"
Change component parameters (AddParameter): Name = "SymbolVersion"; Value = "2008-07-09"; VariantName = "[No Variations]"
Change component parameters (AddParameter): Name = "TaMax_C"; Value = "125"; VariantName = "[No Variations]"
Change component parameters (AddParameter): Name = "TaMin_C"; Value = "-55"; VariantName = "[No Variations]"
Change component parameters (AddParameter): Name = "Technology"; Value = "Ceramic"; VariantName = "[No Variations]"
Change component parameters (AddParameter): Name = "TempCo"; Value = "X7R"; VariantName = "[No Variations]"
Change component parameters (AddParameter): Name = "Tolerance_%"; Value = "10"; VariantName = "[No Variations]"
Change component parameters (AddParameter): Name = "U/M"; Value = "EA"; VariantName = "[No Variations]"
Change component parameters (AddParameter): Name = "Value"; Value = "1000pF"; VariantName = "[No Variations]"
Change component parameters (AddParameter): Name = "Value1"; Value = "Unknown"; VariantName = "[No Variations]"
Change component parameters (AddParameter): Name = "Value2"; Value = "16V"; VariantName = "[No Variations]"
Change component parameters (AddParameter): Name = "ValueDisplayed"; Value = "1000pF"; VariantName = "[No Variations]"
Change component parameters (AddParameter): Name = "VDC_V"; Value = "16"; VariantName = "[No Variations]"
Change component parameters: Designator = "C8"; Footprint = "1206L"; UniqueID = "\NOMAKJUM"
Change component parameters. Clean all parameters for all variants
Change component parameters (AddParameter): Name = "Alternate Manufacturer"; Value = ""; VariantName = "[No Variations]"
Change component parameters (AddParameter): Name = "Alternate PartNumber"; Value = ""; VariantName = "[No Variations]"
Change component parameters (AddParameter): Name = "Cap_Case"; Value = "2220"; VariantName = "[No Variations]"
Change component parameters (AddParameter): Name = "Cap_F"; Value = "0.000001"; VariantName = "[No Variations]"
Change component parameters (AddParameter): Name = "ComponentLink1Description"; Value = ""; VariantName = "[No Variations]"
Change component parameters (AddParameter): Name = "ComponentLink1URL"; Value = ""; VariantName = "[No Variations]"
Change component parameters (AddParameter): Name = "CompType"; Value = "Capacitor"; VariantName = "[No Variations]"
Change component parameters (AddParameter): Name = "ESR_Ohm"; Value = ""; VariantName = "[No Variations]"
Change component parameters (AddParameter): Name = "IRMS_A"; Value = ""; VariantName = "[No Variations]"
Change component parameters (AddParameter): Name = "LatestRevisionDate"; Value = "2013-07-24"; VariantName = "[No Variations]"
Change component parameters (AddParameter): Name = "Manufacturer"; Value = "Taiyo Yuden"; VariantName = "[No Variations]"
Change component parameters (AddParameter): Name = "MountType"; Value = "SMT"; VariantName = "[No Variations]"
Change component parameters (AddParameter): Name = "PackageReference"; Value = "1206"; VariantName = "[No Variations]"
Change component parameters (AddParameter): Name = "PartNumber"; Value = "HMK316B7105KL-T"; VariantName = "[No Variations]"
Change component parameters (AddParameter): Name = "Polarized"; Value = "N"; VariantName = "[No Variations]"
Change component parameters (AddParameter): Name = "Published"; Value = "2008-06-19"; VariantName = "[No Variations]"
Change component parameters (AddParameter): Name = "Publisher"; Value = "Texas Instruments"; VariantName = "[No Variations]"
Change component parameters (AddParameter): Name = "RoHS"; Value = "Y"; VariantName = "[No Variations]"
Change component parameters (AddParameter): Name = "Supplier 1"; Value = ""; VariantName = "[No Variations]"
Change component parameters (AddParameter): Name = "Supplier 2"; Value = ""; VariantName = "[No Variations]"
Change component parameters (AddParameter): Name = "Supplier 3"; Value = ""; VariantName = "[No Variations]"
Change component parameters (AddParameter): Name = "Supplier Part Number 1"; Value = ""; VariantName = "[No Variations]"
Change component parameters (AddParameter): Name = "Supplier Part Number 2"; Value = ""; VariantName = "[No Variations]"
Change component parameters (AddParameter): Name = "Supplier Part Number 3"; Value = ""; VariantName = "[No Variations]"
Change component parameters (AddParameter): Name = "SymbolVersion"; Value = "2008-07-09"; VariantName = "[No Variations]"
Change component parameters (AddParameter): Name = "TaMax_C"; Value = "125"; VariantName = "[No Variations]"
Change component parameters (AddParameter): Name = "TaMin_C"; Value = "-55"; VariantName = "[No Variations]"
Change component parameters (AddParameter): Name = "Technology"; Value = "Ceramic"; VariantName = "[No Variations]"
Change component parameters (AddParameter): Name = "TempCo"; Value = "X7R"; VariantName = "[No Variations]"
Change component parameters (AddParameter): Name = "Tolerance_%"; Value = "10"; VariantName = "[No Variations]"
Change component parameters (AddParameter): Name = "U/M"; Value = "EA"; VariantName = "[No Variations]"
Change component parameters (AddParameter): Name = "Value"; Value = "1uF"; VariantName = "[No Variations]"
Change component parameters (AddParameter): Name = "Value1"; Value = "Unknown"; VariantName = "[No Variations]"
Change component parameters (AddParameter): Name = "Value2"; Value = "100V"; VariantName = "[No Variations]"
Change component parameters (AddParameter): Name = "ValueDisplayed"; Value = "1µF"; VariantName = "[No Variations]"
Change component parameters (AddParameter): Name = "VDC_V"; Value = "100"; VariantName = "[No Variations]"
Change component parameters: Designator = "D1"; Footprint = "LED_LTST-C170"; UniqueID = "\OIWFJJFN"
Change component parameters. Clean all parameters for all variants
Change component parameters (AddParameter): Name = "Alternate Manufacturer"; Value = ""; VariantName = "[No Variations]"
Change component parameters (AddParameter): Name = "Alternate PartNumber"; Value = ""; VariantName = "[No Variations]"
Change component parameters (AddParameter): Name = "Angle"; Value = ""; VariantName = "[No Variations]"
Change component parameters (AddParameter): Name = "Color"; Value = "red"; VariantName = "[No Variations]"
Change component parameters (AddParameter): Name = "ColorTemperature"; Value = ""; VariantName = "[No Variations]"
Change component parameters (AddParameter): Name = "ComponentLink1Description"; Value = "Datasheet link"; VariantName = "[No Variations]"
Change component parameters (AddParameter): Name = "ComponentLink1URL"; Value = "http://optoelectronics.liteon.com/en-us/api/DwonloadFileHandler.ashx?txtSpecNo=DS-22-99-0150&txtPartNo=LTST-C170KRKT"; VariantName = "[No Variations]"
Change component parameters (AddParameter): Name = "CompType"; Value = "LED"; VariantName = "[No Variations]"
Change component parameters (AddParameter): Name = "DynamicResistance"; Value = ""; VariantName = "[No Variations]"
Change component parameters (AddParameter): Name = "Family_Io"; Value = ""; VariantName = "[No Variations]"
Change component parameters (AddParameter): Name = "FamilyName"; Value = ""; VariantName = "[No Variations]"
Change component parameters (AddParameter): Name = "Io_A"; Value = "20"; VariantName = "[No Variations]"
Change component parameters (AddParameter): Name = "Ir_A"; Value = ""; VariantName = "[No Variations]"
Change component parameters (AddParameter): Name = "LambdaD"; Value = ""; VariantName = "[No Variations]"
Change component parameters (AddParameter): Name = "LambdaP"; Value = ""; VariantName = "[No Variations]"
Change component parameters (AddParameter): Name = "LatestRevisionDate"; Value = "2013-07-19"; VariantName = "[No Variations]"
Change component parameters (AddParameter): Name = "LatestRevisionNote"; Value = "Updated supplier queries"; VariantName = "[No Variations]"
Change component parameters (AddParameter): Name = "Luminance_Lv"; Value = ""; VariantName = "[No Variations]"
Change component parameters (AddParameter): Name = "LuminousFlux_PhiV"; Value = ""; VariantName = "[No Variations]"
Change component parameters (AddParameter): Name = "LuminousIntensity_IV"; Value = ""; VariantName = "[No Variations]"
Change component parameters (AddParameter): Name = "Manufacturer"; Value = "Lite-On"; VariantName = "[No Variations]"
Change component parameters (AddParameter): Name = "MountType"; Value = "SMT"; VariantName = "[No Variations]"
Change component parameters (AddParameter): Name = "NumParallelLEDs"; Value = ""; VariantName = "[No Variations]"
Change component parameters (AddParameter): Name = "NumSeriesLEDs"; Value = ""; VariantName = "[No Variations]"
Change component parameters (AddParameter): Name = "PackageReference"; Value = "LED_0805"; VariantName = "[No Variations]"
Change component parameters (AddParameter): Name = "PartNumber"; Value = "LTST-C170KRKT"; VariantName = "[No Variations]"
Change component parameters (AddParameter): Name = "Power_TotalModule"; Value = ""; VariantName = "[No Variations]"
Change component parameters (AddParameter): Name = "Published"; Value = "2008-07-11"; VariantName = "[No Variations]"
Change component parameters (AddParameter): Name = "Publisher"; Value = "Texas Instruments"; VariantName = "[No Variations]"
Change component parameters (AddParameter): Name = "RJC_CperW"; Value = ""; VariantName = "[No Variations]"
Change component parameters (AddParameter): Name = "RoHS"; Value = "Y"; VariantName = "[No Variations]"
Change component parameters (AddParameter): Name = "Supplier 1"; Value = "Digi-Key"; VariantName = "[No Variations]"
Change component parameters (AddParameter): Name = "Supplier 2"; Value = "Mouser"; VariantName = "[No Variations]"
Change component parameters (AddParameter): Name = "Supplier 3"; Value = ""; VariantName = "[No Variations]"
Change component parameters (AddParameter): Name = "Supplier Part Number 1"; Value = "160-1415-1-ND"; VariantName = "[No Variations]"
Change component parameters (AddParameter): Name = "Supplier Part Number 2"; Value = "859-LTST-C170KRKT"; VariantName = "[No Variations]"
Change component parameters (AddParameter): Name = "Supplier Part Number 3"; Value = ""; VariantName = "[No Variations]"
Change component parameters (AddParameter): Name = "SymbolVersion"; Value = "2008-12-08"; VariantName = "[No Variations]"
Change component parameters (AddParameter): Name = "Tjmax_C"; Value = ""; VariantName = "[No Variations]"
Change component parameters (AddParameter): Name = "Type"; Value = "AlInGaP"; VariantName = "[No Variations]"
Change component parameters (AddParameter): Name = "U/M"; Value = "EA"; VariantName = "[No Variations]"
Change component parameters (AddParameter): Name = "Value"; Value = "Red"; VariantName = "[No Variations]"
Change component parameters (AddParameter): Name = "Value1"; Value = "W"; VariantName = "[No Variations]"
Change component parameters (AddParameter): Name = "Value2"; Value = "2V"; VariantName = "[No Variations]"
Change component parameters (AddParameter): Name = "Vf_V"; Value = "2"; VariantName = "[No Variations]"
Change component parameters (AddParameter): Name = "Vr_V"; Value = ""; VariantName = "[No Variations]"
Change component parameters: Designator = "D2"; Footprint = "LED_LTST-C170"; UniqueID = "\JKKELMSI"
Change component parameters. Clean all parameters for all variants
Change component parameters (AddParameter): Name = "Alternate Manufacturer"; Value = ""; VariantName = "[No Variations]"
Change component parameters (AddParameter): Name = "Alternate PartNumber"; Value = ""; VariantName = "[No Variations]"
Change component parameters (AddParameter): Name = "Angle"; Value = ""; VariantName = "[No Variations]"
Change component parameters (AddParameter): Name = "Color"; Value = "red"; VariantName = "[No Variations]"
Change component parameters (AddParameter): Name = "ColorTemperature"; Value = ""; VariantName = "[No Variations]"
Change component parameters (AddParameter): Name = "ComponentLink1Description"; Value = "Datasheet link"; VariantName = "[No Variations]"
Change component parameters (AddParameter): Name = "ComponentLink1URL"; Value = "http://optoelectronics.liteon.com/en-us/api/DwonloadFileHandler.ashx?txtSpecNo=DS-22-99-0150&txtPartNo=LTST-C170KRKT"; VariantName = "[No Variations]"
Change component parameters (AddParameter): Name = "CompType"; Value = "LED"; VariantName = "[No Variations]"
Change component parameters (AddParameter): Name = "DynamicResistance"; Value = ""; VariantName = "[No Variations]"
Change component parameters (AddParameter): Name = "Family_Io"; Value = ""; VariantName = "[No Variations]"
Change component parameters (AddParameter): Name = "FamilyName"; Value = ""; VariantName = "[No Variations]"
Change component parameters (AddParameter): Name = "Io_A"; Value = "20"; VariantName = "[No Variations]"
Change component parameters (AddParameter): Name = "Ir_A"; Value = ""; VariantName = "[No Variations]"
Change component parameters (AddParameter): Name = "LambdaD"; Value = ""; VariantName = "[No Variations]"
Change component parameters (AddParameter): Name = "LambdaP"; Value = ""; VariantName = "[No Variations]"
Change component parameters (AddParameter): Name = "LatestRevisionDate"; Value = "2013-07-19"; VariantName = "[No Variations]"
Change component parameters (AddParameter): Name = "LatestRevisionNote"; Value = "Updated supplier queries"; VariantName = "[No Variations]"
Change component parameters (AddParameter): Name = "Luminance_Lv"; Value = ""; VariantName = "[No Variations]"
Change component parameters (AddParameter): Name = "LuminousFlux_PhiV"; Value = ""; VariantName = "[No Variations]"
Change component parameters (AddParameter): Name = "LuminousIntensity_IV"; Value = ""; VariantName = "[No Variations]"
Change component parameters (AddParameter): Name = "Manufacturer"; Value = "Lite-On"; VariantName = "[No Variations]"
Change component parameters (AddParameter): Name = "MountType"; Value = "SMT"; VariantName = "[No Variations]"
Change component parameters (AddParameter): Name = "NumParallelLEDs"; Value = ""; VariantName = "[No Variations]"
Change component parameters (AddParameter): Name = "NumSeriesLEDs"; Value = ""; VariantName = "[No Variations]"
Change component parameters (AddParameter): Name = "PackageReference"; Value = "LED_0805"; VariantName = "[No Variations]"
Change component parameters (AddParameter): Name = "PartNumber"; Value = "LTST-C170KRKT"; VariantName = "[No Variations]"
Change component parameters (AddParameter): Name = "Power_TotalModule"; Value = ""; VariantName = "[No Variations]"
Change component parameters (AddParameter): Name = "Published"; Value = "2008-07-11"; VariantName = "[No Variations]"
Change component parameters (AddParameter): Name = "Publisher"; Value = "Texas Instruments"; VariantName = "[No Variations]"
Change component parameters (AddParameter): Name = "RJC_CperW"; Value = ""; VariantName = "[No Variations]"
Change component parameters (AddParameter): Name = "RoHS"; Value = "Y"; VariantName = "[No Variations]"
Change component parameters (AddParameter): Name = "Supplier 1"; Value = "Digi-Key"; VariantName = "[No Variations]"
Change component parameters (AddParameter): Name = "Supplier 2"; Value = "Mouser"; VariantName = "[No Variations]"
Change component parameters (AddParameter): Name = "Supplier 3"; Value = ""; VariantName = "[No Variations]"
Change component parameters (AddParameter): Name = "Supplier Part Number 1"; Value = "160-1415-1-ND"; VariantName = "[No Variations]"
Change component parameters (AddParameter): Name = "Supplier Part Number 2"; Value = "859-LTST-C170KRKT"; VariantName = "[No Variations]"
Change component parameters (AddParameter): Name = "Supplier Part Number 3"; Value = ""; VariantName = "[No Variations]"
Change component parameters (AddParameter): Name = "SymbolVersion"; Value = "2008-12-08"; VariantName = "[No Variations]"
Change component parameters (AddParameter): Name = "Tjmax_C"; Value = ""; VariantName = "[No Variations]"
Change component parameters (AddParameter): Name = "Type"; Value = "AlInGaP"; VariantName = "[No Variations]"
Change component parameters (AddParameter): Name = "U/M"; Value = "EA"; VariantName = "[No Variations]"
Change component parameters (AddParameter): Name = "Value"; Value = "Red"; VariantName = "[No Variations]"
Change component parameters (AddParameter): Name = "Value1"; Value = "W"; VariantName = "[No Variations]"
Change component parameters (AddParameter): Name = "Value2"; Value = "2V"; VariantName = "[No Variations]"
Change component parameters (AddParameter): Name = "Vf_V"; Value = "2"; VariantName = "[No Variations]"
Change component parameters (AddParameter): Name = "Vr_V"; Value = ""; VariantName = "[No Variations]"
