Change Component Designator: Old Designator=C? New Designator=C1
Change Component Designator: Old Designator=C? New Designator=C2
Change Component Designator: Old Designator=C? New Designator=C3
Change Component Designator: Old Designator=C? New Designator=C4
Change Component Designator: Old Designator=C? New Designator=C5
Change Component Designator: Old Designator=C? New Designator=C6
Change Component Designator: Old Designator=D? New Designator=D1
Change Component Designator: Old Designator=D? New Designator=D2
Change Component Designator: Old Designator=D? New Designator=D3
Change Component Designator: Old Designator=F? New Designator=F1
Change Component Designator: Old Designator=P? New Designator=P2
Change Component Designator: Old Designator=P? New Designator=P3
Change Component Designator: Old Designator=P? New Designator=P4
Change Component Designator: Old Designator=P? New Designator=P5
Change Component Designator: Old Designator=P? New Designator=P6
Change Component Designator: Old Designator=P? New Designator=P7
Change Component Designator: Old Designator=P? New Designator=P8
Change Component Designator: Old Designator=P? New Designator=P9
Change Component Designator: Old Designator=P? New Designator=P10
Change Component Designator: Old Designator=R? New Designator=R1
Change Component Designator: Old Designator=R? New Designator=R2
Change Component Designator: Old Designator=R? New Designator=R3
Change Component Designator: Old Designator=R? New Designator=R4
Change Component Designator: Old Designator=R? New Designator=R5
Change Component Designator: Old Designator=S? New Designator=S1
Change Component Designator: Old Designator=S? New Designator=S2
Change Component Designator: Old Designator=S? New Designator=S3
Change Component Designator: Old Designator=S? New Designator=S4
Change Component Designator: Old Designator=S? New Designator=S5
Change Component Designator: Old Designator=S? New Designator=S6
Change Component Designator: Old Designator=S? New Designator=S7
Change Component Designator: Old Designator=U? New Designator=U11
Change Component Designator: Old Designator=U? New Designator=U23
Change Component Designator: Old Designator=U? New Designator=U26
Change Component Designator: Old Designator=U? New Designator=U27
Change Component Designator: Old Designator=U? New Designator=U11
Change Component Designator: Old Designator=U? New Designator=U23
Change Component Designator: Old Designator=U? New Designator=U26
Change Component Designator: Old Designator=U? New Designator=U27
Change Component Designator: Old Designator=U? New Designator=U11
Change Component Designator: Old Designator=U? New Designator=U23
Change Component Designator: Old Designator=U? New Designator=U26
Change Component Designator: Old Designator=U? New Designator=U27
Change Component Designator: Old Designator=U? New Designator=U11
Change Component Designator: Old Designator=U? New Designator=U23
Change Component Designator: Old Designator=U? New Designator=U26
Change Component Designator: Old Designator=U? New Designator=U27
Change Component Designator: Old Designator=U? New Designator=U11
Change Component Designator: Old Designator=U? New Designator=U11
Change Component Designator: Old Designator=U? New Designator=U1
Change Component Designator: Old Designator=U? New Designator=U2
Change Component Designator: Old Designator=U? New Designator=U3
Change Component Designator: Old Designator=U? New Designator=U4
Change Component Designator: Old Designator=U? New Designator=U5
Change Component Designator: Old Designator=U? New Designator=U6
Change Component Designator: Old Designator=U? New Designator=U7
Change Component Designator: Old Designator=U? New Designator=U8
Change Component Designator: Old Designator=U? New Designator=U9
Change Component Designator: Old Designator=U? New Designator=U10
Change Component Designator: Old Designator=U? New Designator=U12
Change Component Designator: Old Designator=U? New Designator=U13
Change Component Designator: Old Designator=U? New Designator=U14
Change Component Designator: Old Designator=U? New Designator=U15
Change Component Designator: Old Designator=U? New Designator=U16
Change Component Designator: Old Designator=U? New Designator=U17
Change Component Designator: Old Designator=U? New Designator=U18
Change Component Designator: Old Designator=U? New Designator=U19
Change Component Designator: Old Designator=U? New Designator=U20
Change Component Designator: Old Designator=U? New Designator=U21
Change Component Designator: Old Designator=U? New Designator=U22
Change Component Designator: Old Designator=U? New Designator=U24
Change Component Designator: Old Designator=U? New Designator=U25
Change Component Designator: Old Designator=VR? New Designator=VR1
