Change Component Designator: Old Designator=P1 New Designator=P2
Change Component Designator: Old Designator=P1 New Designator=P6
Change Component Designator: Old Designator=P1 New Designator=P10
Change Component Designator: Old Designator=P1 New Designator=P13
Change Component Designator: Old Designator=P1 New Designator=P14
Change Component Designator: Old Designator=P1 New Designator=P15
Change Component Designator: Old Designator=P2 New Designator=P1
Change Component Designator: Old Designator=P6 New Designator=P7
Change Component Designator: Old Designator=P7 New Designator=P8
Change Component Designator: Old Designator=P8 New Designator=P9
Change Component Designator: Old Designator=P9 New Designator=P11
Change Component Designator: Old Designator=P10 New Designator=P12
Change Component Designator: Old Designator=PIN* New Designator=PIN*1
Change Component Designator: Old Designator=PIN* New Designator=PIN*2
Change Component Designator: Old Designator=PIN* New Designator=PIN*3
Change Component Designator: Old Designator=PIN* New Designator=PIN*4
Change Component Designator: Old Designator=PIN* New Designator=PIN*5
Change Component Designator: Old Designator=PIN* New Designator=PIN*6
Change Component Designator: Old Designator=PIN* New Designator=PIN*7
Change Component Designator: Old Designator=PIN* New Designator=PIN*8
Change Component Designator: Old Designator=PIN* New Designator=PIN*9
Change Component Designator: Old Designator=PIN* New Designator=PIN*10
Change Component Designator: Old Designator=PIN* New Designator=PIN*11
Change Component Designator: Old Designator=PIN* New Designator=PIN*12
Change Component Designator: Old Designator=PIN* New Designator=PIN*13
Change Component Designator: Old Designator=PIN* New Designator=PIN*14
Change Component Designator: Old Designator=PIN* New Designator=PIN*15
Change Component Designator: Old Designator=PIN* New Designator=PIN*16
Change Component Designator: Old Designator=PIN* New Designator=PIN*17
Change Component Designator: Old Designator=PIN* New Designator=PIN*18
Change Component Designator: Old Designator=PIN* New Designator=PIN*19
Change Component Designator: Old Designator=PIN* New Designator=PIN*20
Change Component Designator: Old Designator=PIN* New Designator=PIN*21
Change Component Designator: Old Designator=PIN* New Designator=PIN*22
Change Component Designator: Old Designator=PIN* New Designator=PIN*23
Change Component Designator: Old Designator=PIN* New Designator=PIN*24
Change Component Designator: Old Designator=PIN* New Designator=PIN*25
Change Component Designator: Old Designator=PIN* New Designator=PIN*26
Change Component Designator: Old Designator=PIN* New Designator=PIN*27
Change Component Designator: Old Designator=PIN* New Designator=PIN*28
Change Component Designator: Old Designator=PIN* New Designator=PIN*29
Change Component Designator: Old Designator=PIN* New Designator=PIN*30
Change Component Designator: Old Designator=PIN* New Designator=PIN*31
Change Component Designator: Old Designator=PIN* New Designator=PIN*32
Change Component Designator: Old Designator=PIN* New Designator=PIN*33
Change Component Designator: Old Designator=PIN* New Designator=PIN*34
Change Component Designator: Old Designator=PIN* New Designator=PIN*35
Change Component Designator: Old Designator=PIN* New Designator=PIN*36
Change Component Designator: Old Designator=PIN* New Designator=PIN*37
Change Component Designator: Old Designator=PIN* New Designator=PIN*38
Change Component Designator: Old Designator=PIN* New Designator=PIN*39
Change Component Designator: Old Designator=PIN* New Designator=PIN*40
Change Component Designator: Old Designator=PIN* New Designator=PIN*41
Change Component Designator: Old Designator=PIN* New Designator=PIN*42
Change Component Designator: Old Designator=PIN* New Designator=PIN*43
Change Component Designator: Old Designator=PIN* New Designator=PIN*44
Change Component Designator: Old Designator=PIN* New Designator=PIN*45
Change Component Designator: Old Designator=PIN* New Designator=PIN*46
Change Component Designator: Old Designator=PIN* New Designator=PIN*47
Change Component Designator: Old Designator=PIN* New Designator=PIN*48
Change Component Designator: Old Designator=PIN* New Designator=PIN*49
Change Component Designator: Old Designator=PIN* New Designator=PIN*50
Change Component Designator: Old Designator=Q? New Designator=Q1
Change Component Designator: Old Designator=Q? New Designator=Q2
Change Component Designator: Old Designator=R1 New Designator=R3
Change Component Designator: Old Designator=R2 New Designator=R4
Change Component Designator: Old Designator=R3 New Designator=R1
Change Component Designator: Old Designator=R4 New Designator=R2
Change Component Designator: Old Designator=T*1 New Designator=T*2
Change Component Designator: Old Designator=T*1 New Designator=T*3
Change Component Designator: Old Designator=T*1 New Designator=T*4
Change Component Designator: Old Designator=T*1 New Designator=T*5
Change Component Designator: Old Designator=T*1 New Designator=T*6
Change Component Designator: Old Designator=U11 New Designator=U13
Change Component Designator: Old Designator=U11 New Designator=U13
Change Component Designator: Old Designator=U11 New Designator=U13
Change Component Designator: Old Designator=U11 New Designator=U13
Change Component Designator: Old Designator=U11 New Designator=U13
Change Component Designator: Old Designator=U11 New Designator=U13
Change Component Designator: Old Designator=U12 New Designator=U11
Change Component Designator: Old Designator=U13 New Designator=U12
Change Component Designator: Old Designator=U14 New Designator=U16
Change Component Designator: Old Designator=U15 New Designator=U14
Change Component Designator: Old Designator=U16 New Designator=U15
Change Component Designator: Old Designator=U23 New Designator=U25
Change Component Designator: Old Designator=U23 New Designator=U25
Change Component Designator: Old Designator=U23 New Designator=U25
Change Component Designator: Old Designator=U23 New Designator=U25
Change Component Designator: Old Designator=U24 New Designator=U23
Change Component Designator: Old Designator=U24 New Designator=U27
Change Component Designator: Old Designator=U24 New Designator=U29
Change Component Designator: Old Designator=U25 New Designator=U24
Change Component Designator: Old Designator=U27 New Designator=U28
Change Component Designator: Old Designator=U27 New Designator=U28
Change Component Designator: Old Designator=U27 New Designator=U28
Change Component Designator: Old Designator=U27 New Designator=U28
