Removed Member From Class: ClassName=BF6µ×°å Member=PIN*3
Removed Member From Class: ClassName=BF6µ×°å Member=PIN*4
Removed Member From Class: ClassName=BF6µ×°å Member=PIN*5
Removed Member From Class: ClassName=BF6µ×°å Member=PIN*6
Removed Member From Class: ClassName=BF6µ×°å Member=PIN*7
Removed Member From Class: ClassName=BF6µ×°å Member=PIN*8
Removed Member From Class: ClassName=BF6µ×°å Member=PIN*9
Removed Member From Class: ClassName=BF6µ×°å Member=PIN*10
Removed Member From Class: ClassName=BF6µ×°å Member=PIN*11
Removed Member From Class: ClassName=BF6µ×°å Member=PIN*12
Removed Member From Class: ClassName=BF6µ×°å Member=PIN*13
Removed Member From Class: ClassName=BF6µ×°å Member=PIN*14
Removed Member From Class: ClassName=BF6µ×°å Member=PIN*15
Removed Member From Class: ClassName=BF6µ×°å Member=PIN*16
Removed Member From Class: ClassName=BF6µ×°å Member=PIN*17
Removed Member From Class: ClassName=BF6µ×°å Member=PIN*18
Removed Member From Class: ClassName=BF6µ×°å Member=PIN*19
Removed Member From Class: ClassName=BF6µ×°å Member=PIN*20
Removed Member From Class: ClassName=BF6µ×°å Member=PIN*21
Removed Member From Class: ClassName=BF6µ×°å Member=PIN*22
Removed Member From Class: ClassName=BF6µ×°å Member=PIN*23
Removed Member From Class: ClassName=BF6µ×°å Member=PIN*24
Removed Member From Class: ClassName=BF6µ×°å Member=PIN*25
Removed Member From Class: ClassName=BF6µ×°å Member=PIN*26
Removed Member From Class: ClassName=BF6µ×°å Member=PIN*27
Removed Member From Class: ClassName=BF6µ×°å Member=PIN*28
Removed Member From Class: ClassName=BF6µ×°å Member=PIN*29
Removed Member From Class: ClassName=BF6µ×°å Member=PIN*30
Removed Member From Class: ClassName=BF6µ×°å Member=PIN*31
Removed Member From Class: ClassName=BF6µ×°å Member=PIN*32
Removed Member From Class: ClassName=BF6µ×°å Member=PIN*33
Removed Member From Class: ClassName=BF6µ×°å Member=PIN*34
Removed Member From Class: ClassName=BF6µ×°å Member=PIN*35
Removed Member From Class: ClassName=BF6µ×°å Member=PIN*36
Removed Member From Class: ClassName=BF6µ×°å Member=PIN*37
Removed Member From Class: ClassName=BF6µ×°å Member=PIN*38
Removed Member From Class: ClassName=BF6µ×°å Member=PIN*39
Removed Member From Class: ClassName=BF6µ×°å Member=PIN*40
Removed Member From Class: ClassName=BF6µ×°å Member=PIN*41
Removed Member From Class: ClassName=BF6µ×°å Member=PIN*42
Removed Member From Class: ClassName=BF6µ×°å Member=PIN*43
Removed Member From Class: ClassName=BF6µ×°å Member=PIN*44
Removed Member From Class: ClassName=BF6µ×°å Member=PIN*45
Removed Member From Class: ClassName=BF6µ×°å Member=PIN*46
Removed Member From Class: ClassName=BF6µ×°å Member=PIN*47
Removed Member From Class: ClassName=BF6µ×°å Member=PIN*48
Removed Member From Class: ClassName=BF6µ×°å Member=PIN*49
Removed Member From Class: ClassName=BF6µ×°å Member=PIN*50
Added Pin To Net: NetName=SLEEPn Pin=P2-3
Added Pin To Net: NetName=RESET Pin=P2-4
Added Pin To Net: NetName=SCLK Pin=P2-11
Added Pin To Net: NetName=SDATI Pin=P2-12
Added Pin To Net: NetName=SDATO Pin=P2-14
Added Pin To Net: NetName=VCC Pin=T*5-1
Added Pin To Net: NetName=EGND Pin=T*5-2
Added Member To Class: ClassName=BF6µ×°å Member=Component P1 Header 20X2
Added Member To Class: ClassName=BF6µ×°å Member=Component PIN*1 PIN
Added Member To Class: ClassName=BF6µ×°å Member=Component T*1 TÍ·
Added Member To Class: ClassName=BF6µ×°å Member=Component U27 6N137S(TA)
