Removed Pin From Net: NetName=GND Pin=C2-2
Removed Pin From Net: NetName=GND Pin=C4-1
Removed Pin From Net: NetName=5V0 Pin=C4-2
Removed Pin From Net: NetName=GND Pin=C9-2
Removed Pin From Net: NetName=GND Pin=C11-1
Removed Pin From Net: NetName=5V0 Pin=C11-2
Removed Pin From Net: NetName=GND Pin=C12-2
Removed Pin From Net: NetName=GND Pin=C13-1
Removed Pin From Net: NetName=5V0 Pin=C13-2
Removed Pin From Net: NetName=GND Pin=C14-1
Removed Pin From Net: NetName=GND Pin=C15-1
Removed Pin From Net: NetName=GND Pin=C16-1
Removed Pin From Net: NetName=GND Pin=C17-1
Removed Pin From Net: NetName=GND Pin=C18-1
Removed Pin From Net: NetName=GND Pin=C19-1
Removed Pin From Net: NetName=GND Pin=C22-2
Removed Pin From Net: NetName=GND Pin=C24-1
Removed Pin From Net: NetName=5V0 Pin=C24-2
Removed Pin From Net: NetName=GND Pin=C25-2
Removed Pin From Net: NetName=GND Pin=C26-1
Removed Pin From Net: NetName=5V0 Pin=C26-2
Removed Pin From Net: NetName=GND Pin=D1-1
Removed Pin From Net: NetName=GND Pin=D3-1
Removed Pin From Net: NetName=GND Pin=D4-1
Removed Pin From Net: NetName=GND Pin=D5-1
Removed Pin From Net: NetName=GND Pin=D6-1
Removed Pin From Net: NetName=5V0 Pin=D8-A
Removed Pin From Net: NetName=5V0 Pin=D9-2
Removed Pin From Net: NetName=5V0 Pin=D10-2
Removed Pin From Net: NetName=GND Pin=D11-1
Removed Pin From Net: NetName=GND Pin=D12-1
Removed Pin From Net: NetName=5V0 Pin=F1-1
Removed Pin From Net: NetName=GND Pin=P1-3
Removed Pin From Net: NetName=GND Pin=P1-4
Removed Pin From Net: NetName=GND Pin=P1-7
Removed Pin From Net: NetName=GND Pin=P1-8
Removed Pin From Net: NetName=GND Pin=P2-3
Removed Pin From Net: NetName=GND Pin=P3-1
Removed Pin From Net: NetName=GND Pin=Q1-2
Removed Pin From Net: NetName=GND Pin=Q2-2
Removed Pin From Net: NetName=GND Pin=Q3-2
Removed Pin From Net: NetName=GND Pin=Q4-2
Removed Pin From Net: NetName=GND Pin=Q5-2
Removed Pin From Net: NetName=GND Pin=Q6-2
Removed Pin From Net: NetName=5V0 Pin=Q7-2
Removed Pin From Net: NetName=5V0 Pin=Q7-2
Removed Pin From Net: NetName=5V0 Pin=Q8-2
Removed Pin From Net: NetName=5V0 Pin=Q8-2
Removed Pin From Net: NetName=GND Pin=Q9-2
Removed Pin From Net: NetName=GND Pin=Q10-2
Removed Pin From Net: NetName=GND Pin=Q10-2
Removed Pin From Net: NetName=GND Pin=Q11-2
Removed Pin From Net: NetName=GND Pin=Q11-2
Removed Pin From Net: NetName=GND Pin=Q12-2
Removed Pin From Net: NetName=5V0 Pin=R1-2
Removed Pin From Net: NetName=GND Pin=R3-2
Removed Pin From Net: NetName=GND Pin=R7-2
Removed Pin From Net: NetName=GND Pin=R8-1
Removed Pin From Net: NetName=GND Pin=R10-1
Removed Pin From Net: NetName=GND Pin=R15-1
Removed Pin From Net: NetName=GND Pin=R16-1
Removed Pin From Net: NetName=GND Pin=R18-1
Removed Pin From Net: NetName=5V0 Pin=R20-2
Removed Pin From Net: NetName=GND Pin=R22-1
Removed Pin From Net: NetName=5V0 Pin=R25-2
Removed Pin From Net: NetName=GND Pin=R27-1
Removed Pin From Net: NetName=GND Pin=R31-1
Removed Pin From Net: NetName=GND Pin=R33-1
Removed Pin From Net: NetName=5V0 Pin=R34-2
Removed Pin From Net: NetName=5V0 Pin=R35-2
Removed Pin From Net: NetName=5V0 Pin=R36-2
Removed Pin From Net: NetName=5V0 Pin=R37-2
Removed Pin From Net: NetName=5V0 Pin=R38-2
Removed Pin From Net: NetName=VOUT0-1V0 Pin=R39-1
Removed Pin From Net: NetName=5V0 Pin=R42-2
Removed Pin From Net: NetName=GND Pin=U1-2
Removed Pin From Net: NetName=5V0 Pin=U1-5
Removed Pin From Net: NetName=5V0 Pin=U3-2
Removed Pin From Net: NetName=GND Pin=U3-3
Removed Pin From Net: NetName=5V0 Pin=U3-6
Removed Pin From Net: NetName=5V0 Pin=U3-8
Removed Pin From Net: NetName=GND Pin=U4-2
Removed Pin From Net: NetName=5V0 Pin=U4-5
Removed Pin From Net: NetName=GND Pin=U5-2
Removed Pin From Net: NetName=5V0 Pin=U5-5
Removed Pin From Net: NetName=GND Pin=U6-2
Removed Pin From Net: NetName=5V0 Pin=U6-5
Removed Pin From Net: NetName=GND Pin=U7-2
Removed Pin From Net: NetName=5V0 Pin=U7-5
Removed Member From Class: ClassName=BF-5-0-0 Member=C1
Removed Member From Class: ClassName=BF-5-0-0 Member=C2
Removed Member From Class: ClassName=BF-5-0-0 Member=C4
Removed Member From Class: ClassName=BF-5-0-0 Member=C8
Removed Member From Class: ClassName=BF-5-0-0 Member=C9
Removed Member From Class: ClassName=BF-5-0-0 Member=C10
Removed Member From Class: ClassName=BF-5-0-0 Member=C11
Removed Member From Class: ClassName=BF-5-0-0 Member=C12
Removed Member From Class: ClassName=BF-5-0-0 Member=C13
Removed Member From Class: ClassName=BF-5-0-0 Member=C14
Removed Member From Class: ClassName=BF-5-0-0 Member=C15
Removed Member From Class: ClassName=BF-5-0-0 Member=C16
Removed Member From Class: ClassName=BF-5-0-0 Member=C17
Removed Member From Class: ClassName=BF-5-0-0 Member=C18
Removed Member From Class: ClassName=BF-5-0-0 Member=C19
Removed Member From Class: ClassName=BF-5-0-0 Member=C20
Removed Member From Class: ClassName=BF-5-0-0 Member=C21
Removed Member From Class: ClassName=BF-5-0-0 Member=C22
Removed Member From Class: ClassName=BF-5-0-0 Member=C23
Removed Member From Class: ClassName=BF-5-0-0 Member=C24
Removed Member From Class: ClassName=BF-5-0-0 Member=C25
Removed Member From Class: ClassName=BF-5-0-0 Member=C26
Removed Member From Class: ClassName=BF-5-0-0 Member=C27
Removed Member From Class: ClassName=BF-5-0-0 Member=D1
Removed Member From Class: ClassName=BF-5-0-0 Member=D3
Removed Member From Class: ClassName=BF-5-0-0 Member=D4
Removed Member From Class: ClassName=BF-5-0-0 Member=D5
Removed Member From Class: ClassName=BF-5-0-0 Member=D6
Removed Member From Class: ClassName=BF-5-0-0 Member=D7
Removed Member From Class: ClassName=BF-5-0-0 Member=D8
Removed Member From Class: ClassName=BF-5-0-0 Member=D9
Removed Member From Class: ClassName=BF-5-0-0 Member=D10
Removed Member From Class: ClassName=BF-5-0-0 Member=D11
Removed Member From Class: ClassName=BF-5-0-0 Member=D12
Removed Member From Class: ClassName=BF-5-0-0 Member=F1
Removed Member From Class: ClassName=BF-5-0-0 Member=L1
Removed Member From Class: ClassName=BF-5-0-0 Member=L3
Removed Member From Class: ClassName=BF-5-0-0 Member=L4
Removed Member From Class: ClassName=BF-5-0-0 Member=L5
Removed Member From Class: ClassName=BF-5-0-0 Member=L6
Removed Member From Class: ClassName=BF-5-0-0 Member=L7
Removed Member From Class: ClassName=BF-5-0-0 Member=L8
Removed Member From Class: ClassName=BF-5-0-0 Member=L9
Removed Member From Class: ClassName=BF-5-0-0 Member=P1
Removed Member From Class: ClassName=BF-5-0-0 Member=P2
Removed Member From Class: ClassName=BF-5-0-0 Member=P3
Removed Member From Class: ClassName=BF-5-0-0 Member=P4
Removed Member From Class: ClassName=BF-5-0-0 Member=Q1
Removed Member From Class: ClassName=BF-5-0-0 Member=Q2
Removed Member From Class: ClassName=BF-5-0-0 Member=Q3
Removed Member From Class: ClassName=BF-5-0-0 Member=Q4
Removed Member From Class: ClassName=BF-5-0-0 Member=Q5
Removed Member From Class: ClassName=BF-5-0-0 Member=Q6
Removed Member From Class: ClassName=BF-5-0-0 Member=Q7
Removed Member From Class: ClassName=BF-5-0-0 Member=Q8
Removed Member From Class: ClassName=BF-5-0-0 Member=Q9
Removed Member From Class: ClassName=BF-5-0-0 Member=Q10
Removed Member From Class: ClassName=BF-5-0-0 Member=Q11
Removed Member From Class: ClassName=BF-5-0-0 Member=Q12
Removed Member From Class: ClassName=BF-5-0-0 Member=R1
Removed Member From Class: ClassName=BF-5-0-0 Member=R3
Removed Member From Class: ClassName=BF-5-0-0 Member=R4
Removed Member From Class: ClassName=BF-5-0-0 Member=R7
Removed Member From Class: ClassName=BF-5-0-0 Member=R8
Removed Member From Class: ClassName=BF-5-0-0 Member=R9
Removed Member From Class: ClassName=BF-5-0-0 Member=R10
Removed Member From Class: ClassName=BF-5-0-0 Member=R11
Removed Member From Class: ClassName=BF-5-0-0 Member=R12
Removed Member From Class: ClassName=BF-5-0-0 Member=R13
Removed Member From Class: ClassName=BF-5-0-0 Member=R14
Removed Member From Class: ClassName=BF-5-0-0 Member=R15
Removed Member From Class: ClassName=BF-5-0-0 Member=R16
Removed Member From Class: ClassName=BF-5-0-0 Member=R17
Removed Member From Class: ClassName=BF-5-0-0 Member=R18
Removed Member From Class: ClassName=BF-5-0-0 Member=R19
Removed Member From Class: ClassName=BF-5-0-0 Member=R20
Removed Member From Class: ClassName=BF-5-0-0 Member=R21
Removed Member From Class: ClassName=BF-5-0-0 Member=R22
Removed Member From Class: ClassName=BF-5-0-0 Member=R23
Removed Member From Class: ClassName=BF-5-0-0 Member=R24
Removed Member From Class: ClassName=BF-5-0-0 Member=R25
Removed Member From Class: ClassName=BF-5-0-0 Member=R26
Removed Member From Class: ClassName=BF-5-0-0 Member=R27
Removed Member From Class: ClassName=BF-5-0-0 Member=R28
Removed Member From Class: ClassName=BF-5-0-0 Member=R29
Removed Member From Class: ClassName=BF-5-0-0 Member=R30
Removed Member From Class: ClassName=BF-5-0-0 Member=R31
Removed Member From Class: ClassName=BF-5-0-0 Member=R32
Removed Member From Class: ClassName=BF-5-0-0 Member=R33
Removed Member From Class: ClassName=BF-5-0-0 Member=R34
Removed Member From Class: ClassName=BF-5-0-0 Member=R35
Removed Member From Class: ClassName=BF-5-0-0 Member=R36
Removed Member From Class: ClassName=BF-5-0-0 Member=R37
Removed Member From Class: ClassName=BF-5-0-0 Member=R38
Removed Member From Class: ClassName=BF-5-0-0 Member=R39
Removed Member From Class: ClassName=BF-5-0-0 Member=R40
Removed Member From Class: ClassName=BF-5-0-0 Member=R41
Removed Member From Class: ClassName=BF-5-0-0 Member=R42
Removed Member From Class: ClassName=BF-5-0-0 Member=R43
Removed Member From Class: ClassName=BF-5-0-0 Member=U1
Removed Member From Class: ClassName=BF-5-0-0 Member=U3
Removed Member From Class: ClassName=BF-5-0-0 Member=U4
Removed Member From Class: ClassName=BF-5-0-0 Member=U5
Removed Member From Class: ClassName=BF-5-0-0 Member=U6
Removed Member From Class: ClassName=BF-5-0-0 Member=U7
