Change Component Footprint: Designator=L1 Old Footprint=0402-A New Footprint=SMB(DO-214AA)_S4
Change Component Footprint: Designator=L2 Old Footprint=0402-A New Footprint=SMB(DO-214AA)_S4
Change Component Footprint: Designator=L6 Old Footprint=0402-A New Footprint=SMB(DO-214AA)_S4
Change Component Footprint: Designator=L7 Old Footprint=0402-A New Footprint=SMB(DO-214AA)_S4
Change Component Footprint: Designator=L8 Old Footprint=0402-A New Footprint=SMB(DO-214AA)_S4
Change Component Footprint: Designator=L9 Old Footprint=0402-A New Footprint=SMB(DO-214AA)_S4
Change Component Footprint: Designator=L3 Old Footprint=C2012 New Footprint=SMB(DO-214AA)_S4
Change Component Footprint: Designator=L4 Old Footprint=C2012 New Footprint=SMB(DO-214AA)_S4
Change Component Footprint: Designator=L5 Old Footprint=C2012 New Footprint=SMB(DO-214AA)_S4
Change Component Comment : Designator=L1 Old Comment=Inductor New Comment=33uH
Change Component Comment : Designator=L2 Old Comment=Inductor New Comment=33uH
Change Component Comment : Designator=L3 Old Comment=Inductor New Comment=33uH
Change Component Comment : Designator=L4 Old Comment=Inductor New Comment=33uH
Change Component Comment : Designator=L5 Old Comment=Inductor New Comment=33uH
Change Component Comment : Designator=L6 Old Comment=Inductor New Comment=33uH
Change Component Comment : Designator=L7 Old Comment=Inductor New Comment=33uH
Change Component Comment : Designator=L8 Old Comment=Inductor New Comment=33uH
Change Component Comment : Designator=L9 Old Comment=Inductor New Comment=33uH
Change component parameters: Designator = "L1"; Footprint = "SMB(DO-214AA)_S4"; UniqueID = "\AXWJSLQI"
Change component parameters. Clean all parameters for all variants
Change component parameters: Designator = "L2"; Footprint = "SMB(DO-214AA)_S4"; UniqueID = "\NYFYBQWG"
Change component parameters. Clean all parameters for all variants
Change component parameters: Designator = "L3"; Footprint = "SMB(DO-214AA)_S4"; UniqueID = "\WWOOVJGE"
Change component parameters. Clean all parameters for all variants
Change component parameters: Designator = "L4"; Footprint = "SMB(DO-214AA)_S4"; UniqueID = "\XXRJFFGD"
Change component parameters. Clean all parameters for all variants
Change component parameters: Designator = "L5"; Footprint = "SMB(DO-214AA)_S4"; UniqueID = "\HERDWGAD"
Change component parameters. Clean all parameters for all variants
Change component parameters: Designator = "L6"; Footprint = "SMB(DO-214AA)_S4"; UniqueID = "\WNYXGTFT"
Change component parameters. Clean all parameters for all variants
Change component parameters: Designator = "L7"; Footprint = "SMB(DO-214AA)_S4"; UniqueID = "\XUXYATTW"
Change component parameters. Clean all parameters for all variants
Change component parameters: Designator = "L8"; Footprint = "SMB(DO-214AA)_S4"; UniqueID = "\KBDAWKBN"
Change component parameters. Clean all parameters for all variants
Change component parameters: Designator = "L9"; Footprint = "SMB(DO-214AA)_S4"; UniqueID = "\HSKOLEJP"
Change component parameters. Clean all parameters for all variants
