Removed Member From Class: ClassName=BASE-B Member=P6
Removed Member From Class: ClassName=BASE-B Member=P7
Removed Member From Class: ClassName=BASE-B Member=P8
Removed Member From Class: ClassName=BASE-B Member=P9
Added Pin To Net: NetName=DIR1 Pin=P2-1
Added Pin To Net: NetName=DIR4 Pin=P2-2
Added Pin To Net: NetName=DIR2 Pin=P2-3
Added Pin To Net: NetName=DIR5 Pin=P2-4
Added Pin To Net: NetName=DIR3 Pin=P2-5
Added Pin To Net: NetName=DIR6 Pin=P2-6
Added Pin To Net: NetName=GND Pin=P2-9
Added Pin To Net: NetName=GND Pin=P2-10
Added Pin To Net: NetName=3V3 Pin=P2-11
Added Pin To Net: NetName=3V3 Pin=P2-12
Added Pin To Net: NetName=PULSE1 Pin=P3-1
Added Pin To Net: NetName=PULSE4 Pin=P3-2
Added Pin To Net: NetName=PULSE2 Pin=P3-3
Added Pin To Net: NetName=PULSE5 Pin=P3-4
Added Pin To Net: NetName=PULSE3 Pin=P3-5
Added Pin To Net: NetName=PULSE6 Pin=P3-6
Added Pin To Net: NetName=GND Pin=P3-9
Added Pin To Net: NetName=GND Pin=P3-10
Added Pin To Net: NetName=3V3 Pin=P3-11
Added Pin To Net: NetName=3V3 Pin=P3-12
Added Pin To Net: NetName=DIR1 Pin=P4-1
Added Pin To Net: NetName=DIR4 Pin=P4-2
Added Pin To Net: NetName=DIR2 Pin=P4-3
Added Pin To Net: NetName=DIR5 Pin=P4-4
Added Pin To Net: NetName=DIR3 Pin=P4-5
Added Pin To Net: NetName=DIR6 Pin=P4-6
Added Pin To Net: NetName=GND Pin=P4-9
Added Pin To Net: NetName=GND Pin=P4-10
Added Pin To Net: NetName=3V3 Pin=P4-11
Added Pin To Net: NetName=3V3 Pin=P4-12
Added Pin To Net: NetName=PULSE1 Pin=P5-1
Added Pin To Net: NetName=PULSE4 Pin=P5-2
Added Pin To Net: NetName=PULSE2 Pin=P5-3
Added Pin To Net: NetName=PULSE5 Pin=P5-4
Added Pin To Net: NetName=PULSE3 Pin=P5-5
Added Pin To Net: NetName=PULSE6 Pin=P5-6
Added Pin To Net: NetName=GND Pin=P5-9
Added Pin To Net: NetName=GND Pin=P5-10
Added Pin To Net: NetName=3V3 Pin=P5-11
Added Pin To Net: NetName=3V3 Pin=P5-12
