Added Component: Designator=P12(HDR1X3)
Add component. Clean all parameters for all variants
Add component (AddParameter): Name = "LatestRevisionDate"; Value = "17-Jul-2002"; VariantName = "[No Variations]"
Add component (AddParameter): Name = "LatestRevisionNote"; Value = "Re-released for DXP Platform."; VariantName = "[No Variations]"
Add component (AddParameter): Name = "Publisher"; Value = "Altium Limited"; VariantName = "[No Variations]"
Added Pin To Net: NetName=GND Pin=P1-6
Added Pin To Net: NetName=DIR1 Pin=P1-7
Added Pin To Net: NetName=GND Pin=P1-9
Added Pin To Net: NetName=DIR2 Pin=P1-11
Added Pin To Net: NetName=DIR3 Pin=P1-13
Added Pin To Net: NetName=GND Pin=P1-14
Added Pin To Net: NetName=DIR4 Pin=P1-15
Added Pin To Net: NetName=DIR5 Pin=P1-19
Added Pin To Net: NetName=GND Pin=P1-20
Added Pin To Net: NetName=DIR6 Pin=P1-21
Added Pin To Net: NetName=GND Pin=P1-25
Added Pin To Net: NetName=GND Pin=P1-30
Added Pin To Net: NetName=GND Pin=P1-34
Added Pin To Net: NetName=GND Pin=P1-39
Added Pin To Net: NetName=GND Pin=P12-1
Added Pin To Net: NetName=+5 Pin=P1-2
Added Pin To Net: NetName=+5 Pin=P1-4
Added Net: Name=+5
Added Pin To Net: NetName=3V3 Pin=P1-1
Added Pin To Net: NetName=3V3 Pin=P1-17
Added Net: Name=3V3
Added Pin To Net: NetName=E\N\A\ Pin=P1-40
Added Net: Name=E\N\A\
Added Pin To Net: NetName=FAULTn Pin=P1-5
Added Net: Name=FAULTn
Added Pin To Net: NetName=PULSE1 Pin=P1-23
Added Net: Name=PULSE1
Added Pin To Net: NetName=PULSE2 Pin=P1-29
Added Net: Name=PULSE2
Added Pin To Net: NetName=PULSE3 Pin=P1-31
Added Net: Name=PULSE3
Added Pin To Net: NetName=PULSE4 Pin=P1-33
Added Net: Name=PULSE4
Added Pin To Net: NetName=PULSE5 Pin=P1-35
Added Net: Name=PULSE5
Added Pin To Net: NetName=PULSE6 Pin=P1-37
Added Net: Name=PULSE6
Added Pin To Net: NetName=RXD Pin=P1-10
Added Pin To Net: NetName=RXD Pin=P12-3
Added Net: Name=RXD
Added Pin To Net: NetName=STALLn Pin=P1-3
Added Net: Name=STALLn
Added Pin To Net: NetName=TXD Pin=P1-8
Added Pin To Net: NetName=TXD Pin=P12-2
Added Net: Name=TXD
Added Member To Class: ClassName=STEPPER5 Member=Component J1_STEPPER5 (J1) Socket
Added Member To Class: ClassName=BASE-B Member=Component P12 Header 3
