Change Net Name : Old Net Name=NetP10_STEPPER1_1 New Net Name=PLUSE1
Change Net Name : Old Net Name=NetP10_STEPPER1_3 New Net Name=DIR1
Change Net Name : Old Net Name=NetP10_STEPPER1_5 New Net Name=E\N\A\1
Change Net Name : Old Net Name=NetP10_STEPPER2_1 New Net Name=PLUSE2
Change Net Name : Old Net Name=NetP10_STEPPER2_3 New Net Name=DIR2
Change Net Name : Old Net Name=NetP10_STEPPER2_5 New Net Name=E\N\A\2
Change Net Name : Old Net Name=NetP10_STEPPER3_1 New Net Name=PLUSE3
Change Net Name : Old Net Name=NetP10_STEPPER3_3 New Net Name=DIR3
Change Net Name : Old Net Name=NetP10_STEPPER3_5 New Net Name=E\N\A\3
Change Net Name : Old Net Name=NetP10_STEPPER4_1 New Net Name=PLUSE4
Change Net Name : Old Net Name=NetP10_STEPPER4_3 New Net Name=DIR4
Change Net Name : Old Net Name=NetP10_STEPPER4_5 New Net Name=E\N\A\4
Change Net Name : Old Net Name=NetP10_STEPPER5_1 New Net Name=PLUSE5
Change Net Name : Old Net Name=NetP10_STEPPER5_3 New Net Name=DIR5
Change Net Name : Old Net Name=NetP10_STEPPER5_5 New Net Name=E\N\A\5
Change Net Name : Old Net Name=NetP10_STEPPER6_1 New Net Name=PLUSE6
Change Net Name : Old Net Name=NetP10_STEPPER6_3 New Net Name=DIR6
Change Net Name : Old Net Name=NetP10_STEPPER6_5 New Net Name=E\N\A\6
Added Member To Class: ClassName=DIR[1..6] Member=Element[1]: DIR
Added Member To Class: ClassName=DIR[1..6] Member=Element[2]: DIR
Added Member To Class: ClassName=DIR[1..6] Member=Element[3]: DIR
Added Member To Class: ClassName=DIR[1..6] Member=Element[4]: DIR
Added Member To Class: ClassName=DIR[1..6] Member=Element[5]: DIR
Added Member To Class: ClassName=DIR[1..6] Member=Element[6]: DIR
Added Member To Class: ClassName=E\N\A\[1..6] Member=Element[1]: E\N\A\
Added Member To Class: ClassName=E\N\A\[1..6] Member=Element[2]: E\N\A\
Added Member To Class: ClassName=E\N\A\[1..6] Member=Element[3]: E\N\A\
Added Member To Class: ClassName=E\N\A\[1..6] Member=Element[4]: E\N\A\
Added Member To Class: ClassName=E\N\A\[1..6] Member=Element[5]: E\N\A\
Added Member To Class: ClassName=E\N\A\[1..6] Member=Element[6]: E\N\A\
Added Member To Class: ClassName=PLUSE[1..6] Member=Element[1]: PLUSE
Added Member To Class: ClassName=PLUSE[1..6] Member=Element[2]: PLUSE
Added Member To Class: ClassName=PLUSE[1..6] Member=Element[3]: PLUSE
Added Member To Class: ClassName=PLUSE[1..6] Member=Element[4]: PLUSE
Added Member To Class: ClassName=PLUSE[1..6] Member=Element[5]: PLUSE
Added Member To Class: ClassName=PLUSE[1..6] Member=Element[6]: PLUSE
