Removed Pin From Net: NetName=DIR1 Pin=P2-1
Removed Pin From Net: NetName=DIR4 Pin=P2-2
Removed Pin From Net: NetName=DIR2 Pin=P2-3
Removed Pin From Net: NetName=DIR5 Pin=P2-4
Removed Pin From Net: NetName=DIR3 Pin=P2-5
Removed Pin From Net: NetName=DIR6 Pin=P2-6
Removed Pin From Net: NetName=TXD Pin=P2-7
Removed Pin From Net: NetName=RXD Pin=P2-8
Removed Pin From Net: NetName=PULSE1 Pin=P3-1
Removed Pin From Net: NetName=PULSE4 Pin=P3-2
Removed Pin From Net: NetName=PULSE2 Pin=P3-3
Removed Pin From Net: NetName=PULSE5 Pin=P3-4
Removed Pin From Net: NetName=PULSE3 Pin=P3-5
Removed Pin From Net: NetName=PULSE6 Pin=P3-6
Added Pin To Net: NetName=PULSE1 Pin=P2-1
Added Pin To Net: NetName=PULSE4 Pin=P2-2
Added Pin To Net: NetName=PULSE2 Pin=P2-3
Added Pin To Net: NetName=PULSE5 Pin=P2-4
Added Pin To Net: NetName=PULSE3 Pin=P2-5
Added Pin To Net: NetName=PULSE6 Pin=P2-6
Added Pin To Net: NetName=DIR1 Pin=P3-1
Added Pin To Net: NetName=DIR4 Pin=P3-2
Added Pin To Net: NetName=DIR2 Pin=P3-3
Added Pin To Net: NetName=DIR5 Pin=P3-4
Added Pin To Net: NetName=DIR3 Pin=P3-5
Added Pin To Net: NetName=DIR6 Pin=P3-6
Added Pin To Net: NetName=TXD Pin=P3-7
Added Pin To Net: NetName=RXD Pin=P3-8
