Removed Pin From Net: NetName=DIR1 Pin=P4-1
Removed Pin From Net: NetName=DIR4 Pin=P4-2
Removed Pin From Net: NetName=DIR2 Pin=P4-3
Removed Pin From Net: NetName=DIR5 Pin=P4-4
Removed Pin From Net: NetName=DIR3 Pin=P4-5
Removed Pin From Net: NetName=DIR6 Pin=P4-6
Removed Pin From Net: NetName=TXD Pin=P4-7
Removed Pin From Net: NetName=RXD Pin=P4-8
Removed Pin From Net: NetName=PULSE1 Pin=P5-1
Removed Pin From Net: NetName=PULSE4 Pin=P5-2
Removed Pin From Net: NetName=PULSE2 Pin=P5-3
Removed Pin From Net: NetName=PULSE5 Pin=P5-4
Removed Pin From Net: NetName=PULSE3 Pin=P5-5
Removed Pin From Net: NetName=PULSE6 Pin=P5-6
Added Pin To Net: NetName=PULSE1 Pin=P4-1
Added Pin To Net: NetName=PULSE4 Pin=P4-2
Added Pin To Net: NetName=PULSE2 Pin=P4-3
Added Pin To Net: NetName=PULSE5 Pin=P4-4
Added Pin To Net: NetName=PULSE3 Pin=P4-5
Added Pin To Net: NetName=PULSE6 Pin=P4-6
Added Pin To Net: NetName=DIR1 Pin=P5-1
Added Pin To Net: NetName=DIR4 Pin=P5-2
Added Pin To Net: NetName=DIR2 Pin=P5-3
Added Pin To Net: NetName=DIR5 Pin=P5-4
Added Pin To Net: NetName=DIR3 Pin=P5-5
Added Pin To Net: NetName=DIR6 Pin=P5-6
Added Pin To Net: NetName=TXD Pin=P5-7
Added Pin To Net: NetName=RXD Pin=P5-8
