Removed Pin From Net: NetName=STEP Pin=P1-5
Removed Pin From Net: NetName=DIR Pin=P1-6
Removed Pin From Net: NetName=GND Pin=P1-7
Removed Pin From Net: NetName=GND Pin=P1-8
Removed Pin From Net: NetName=SCLK Pin=P1-9
Removed Pin From Net: NetName=SDATI Pin=P1-10
Removed Pin From Net: NetName=SCS Pin=P1-11
Removed Pin From Net: NetName=SDATO Pin=P1-12
Removed Pin From Net: NetName=GND Pin=P1-13
Removed Pin From Net: NetName=GND Pin=P1-14
Removed Pin From Net: NetName=FAULTn Pin=P1-15
Removed Pin From Net: NetName=STALLn Pin=P1-16
Removed Pin From Net: NetName=GND Pin=P1-17
Removed Pin From Net: NetName=GND Pin=P1-18
Change Component Footprint: Designator=P1 Old Footprint=HDR2X9 New Footprint=HDR2X10
Change Component Comment : Designator=P1 Old Comment=Header 9X2 New Comment=Header 10X2
Added Pin To Net: NetName=GND Pin=P1-5
Added Pin To Net: NetName=GND Pin=P1-6
Added Pin To Net: NetName=STEP Pin=P1-7
Added Pin To Net: NetName=DIR Pin=P1-8
Added Pin To Net: NetName=GND Pin=P1-9
Added Pin To Net: NetName=GND Pin=P1-10
Added Pin To Net: NetName=SCLK Pin=P1-11
Added Pin To Net: NetName=SDATI Pin=P1-12
Added Pin To Net: NetName=SCS Pin=P1-13
Added Pin To Net: NetName=SDATO Pin=P1-14
Added Pin To Net: NetName=GND Pin=P1-15
Added Pin To Net: NetName=GND Pin=P1-16
Added Pin To Net: NetName=FAULTn Pin=P1-17
Added Pin To Net: NetName=STALLn Pin=P1-18
Added Pin To Net: NetName=GND Pin=P1-19
Added Pin To Net: NetName=GND Pin=P1-20
